<?xml version="1.0" encoding="UTF-8"?>
<testsuite xmlns:xsi="http://www.w3.org/2001/XMLSchema-instance" xsi:noNamespaceSchemaLocation="https://maven.apache.org/surefire/maven-surefire-plugin/xsd/surefire-test-report-3.0.xsd" version="3.0" name="com.weathersystem.integration.MultiClientCoordinationTest" time="2.118" tests="6" errors="0" skipped="0" failures="0">
  <properties>
[...]
</properties>
  <testcase name="testMultipleContentServersSendingSimultaneously" classname="com.weathersystem.integration.MultiClientCoordinationTest" time="0.181">
    <system-out><![CDATA[Registered handler for PUT requests: PutRequestHandler
Registered handler for GET requests: GetRequestHandler
Request handlers configured for 2 HTTP methods

=== Aggregation Server Starting ===
Starting on port: 50876
Initial Lamport clock: 0
Connection manager started with 10 threads
Request ordering service started - processing in Lamport timestamp order
Started background cleanup service (checking every 5 seconds)
All services initialized successfully
Loading weather data from persistent storage...
Cleared all weather data (0 stations)
Loaded 3 weather stations from storage
Loaded 3 weather stations from data/weather.json
Server listening on port 50876
Press Ctrl+C to stop the server

Client connected from: /127.0.0.1:50877 (Thread: ConnectionHandler)
Failed to parse HTTP request: Empty request line

Processing weather file (Lamport time: 1)

Processing weather file (Lamport time: 1)

Processing weather file (Lamport time: 1)

Processing weather file (Lamport time: 1)

Processing weather file (Lamport time: 1)
Uploading weather data for station: TEST001
Uploading weather data for station: TEST000
Uploading weather data for station: TEST004
Uploading weather data for station: TEST003
Uploading weather data for station: TEST002
Client connected from: /127.0.0.1:50878 (Thread: ConnectionHandler)
Client connected from: /127.0.0.1:50880 (Thread: ConnectionHandler)
Client connected from: /127.0.0.1:50881 (Thread: ConnectionHandler)
Client connected from: /127.0.0.1:50879 (Thread: ConnectionHandler)
Client connected from: /127.0.0.1:50882 (Thread: ConnectionHandler)
Connected to server at localhost:50876
Connected to server at localhost:50876
Connected to server at localhost:50876
Connected to server at localhost:50876
Connected to server at localhost:50876
Sending PUT request (Lamport time: 2)
Sending PUT request (Lamport time: 2)
Sending PUT request (Lamport time: 2)
Sending PUT request (Lamport time: 2)
Sending PUT request (Lamport time: 2)
Parsed request: PUT /weather.json (Thread: ConnectionHandler)
Parsed request: PUT /weather.json (Thread: ConnectionHandler)
Parsed request: PUT /weather.json (Thread: ConnectionHandler)
Parsed request: PUT /weather.json (Thread: ConnectionHandler)
Parsed request: PUT /weather.json (Thread: ConnectionHandler)
Updated server Lamport clock: 2 -> 4
Updated server Lamport clock: 2 -> 6
Updated server Lamport clock: 2 -> 5
Updated server Lamport clock: 2 -> 3
Updated server Lamport clock: 2 -> 7
Processing PUT request with Lamport time: 4
Dispatching PUT request to PutRequestHandler
Stored weather data for station: TEST000 (new station)
Queued PUT request with timestamp: 3 (Queue size: 3)
Queued PUT request with timestamp: 5 (Queue size: 2)
Queued PUT request with timestamp: 4 (Queue size: 1)
Queued PUT request with timestamp: 7 (Queue size: 4)
Queued PUT request with timestamp: 6 (Queue size: 1)
Processing PUT with Lamport time 4 for station: TEST000 (new)
Retrieved weather data for 4 active stations
Processing PUT request with Lamport time: 3
Dispatching PUT request to PutRequestHandler
Server response: HTTP/1.1 201 Created
Stored weather data for station: TEST002 (new station)
Processing PUT with Lamport time 3 for station: TEST002 (new)
Retrieved weather data for 5 active stations
Updated Lamport clock from server response: 4 -> 5
Processing PUT request with Lamport time: 5
Dispatching PUT request to PutRequestHandler
Server response: HTTP/1.1 201 Created
Stored weather data for station: TEST003 (new station)
Updated Lamport clock from server response: 3 -> 4
Processing PUT with Lamport time 5 for station: TEST003 (new)
Retrieved weather data for 6 active stations
Processing PUT request with Lamport time: 6
Weather data saved to persistent storage (4 stations)
Dispatching PUT request to PutRequestHandler
Async save completed successfully
Server response: HTTP/1.1 201 Created
Updated Lamport clock from server response: 5 -> 6
Stored weather data for station: TEST001 (new station)
Processing PUT with Lamport time 6 for station: TEST001 (new)
Retrieved weather data for 7 active stations
New weather station registered
New weather station registered
New weather station registered
Processing PUT request with Lamport time: 7
Dispatching PUT request to PutRequestHandler
Server response: HTTP/1.1 201 Created
Updated Lamport clock from server response: 6 -> 7
Server accepted weather data with status: 201 Created
Server accepted weather data with status: 201 Created
Server accepted weather data with status: 201 Created
Stored weather data for station: TEST004 (new station)
New weather station registered
Processing PUT with Lamport time 7 for station: TEST004 (new)
Server accepted weather data with status: 201 Created

Weather data published successfully


Weather data published successfully

Retrieved weather data for 8 active stations

Weather data published successfully


Weather data published successfully

Server response: HTTP/1.1 201 Created
Updated Lamport clock from server response: 7 -> 8
New weather station registered
Server accepted weather data with status: 201 Created

Weather data published successfully

Weather data saved to persistent storage (5 stations)
Async save completed successfully
Weather data saved to persistent storage (6 stations)
Async save completed successfully
Weather data saved to persistent storage (7 stations)
Async save completed successfully
Connected to server at localhost:50876
Sending GET request (Lamport time: 1)
Client connected from: /127.0.0.1:50883 (Thread: ConnectionHandler)
Parsed request: GET /weather.json (Thread: ConnectionHandler)
Updated server Lamport clock: 1 -> 8
Queued GET request with timestamp: 8 (Queue size: 1)
Processing GET request with Lamport time: 8
Dispatching GET request to GetRequestHandler
Retrieved weather data for 8 active stations
Weather data saved to persistent storage (8 stations)
Async save completed successfully
Processing GET with Lamport time 8 - returning 8 stations
Server response: HTTP/1.1 200 OK
Weather data served - Total stations: 8, States: {TEST=7, SA=1}
Updated Lamport clock from server response: 8 -> 9

Shutting down aggregation server...
Data expiry service stopped
Request ordering service stopped
Connection manager shutdown complete
Weather data repository shutdown complete
Retrieved weather data for 8 active stations
Error saving weather data: Task java.util.concurrent.CompletableFuture$AsyncRun@6594402a rejected from java.util.concurrent.ThreadPoolExecutor@30f4b1a6[Terminated, pool size = 0, active threads = 0, queued tasks = 0, completed tasks = 5]
Server shutdown complete

]]></system-out>
  </testcase>
  <testcase name="testServerHandlesClientDisconnections" classname="com.weathersystem.integration.MultiClientCoordinationTest" time="0.113">
    <system-out><![CDATA[Registered handler for PUT requests: PutRequestHandler
Registered handler for GET requests: GetRequestHandler
Request handlers configured for 2 HTTP methods

=== Aggregation Server Starting ===
Starting on port: 50884
Initial Lamport clock: 0
Connection manager started with 10 threads
Request ordering service started - processing in Lamport timestamp order
Started background cleanup service (checking every 5 seconds)
All services initialized successfully
Loading weather data from persistent storage...
Cleared all weather data (0 stations)
Loaded 8 weather stations from storage
Loaded 8 weather stations from data/weather.json
Server listening on port 50884
Press Ctrl+C to stop the server

Client connected from: /127.0.0.1:50885 (Thread: ConnectionHandler)
Failed to parse HTTP request: Empty request line
Connected to server at localhost:50884
Connected to server at localhost:50884
Sending GET request (Lamport time: 1)
Sending GET request (Lamport time: 1)
Connected to server at localhost:50884
Sending GET request (Lamport time: 1)
Client connected from: /127.0.0.1:50886 (Thread: ConnectionHandler)
Client connected from: /127.0.0.1:50887 (Thread: ConnectionHandler)
Parsed request: GET /weather.json (Thread: ConnectionHandler)
Parsed request: GET /weather.json (Thread: ConnectionHandler)
Client connected from: /127.0.0.1:50888 (Thread: ConnectionHandler)
Updated server Lamport clock: 1 -> 2
Updated server Lamport clock: 1 -> 3
Queued GET request with timestamp: 2 (Queue size: 1)
Processing GET request with Lamport time: 2
Failed to parse HTTP request: Empty request line
Dispatching GET request to GetRequestHandler
Client connected from: /127.0.0.1:50889 (Thread: ConnectionHandler)
Queued GET request with timestamp: 3 (Queue size: 1)
Client connected from: /127.0.0.1:50890 (Thread: ConnectionHandler)
Retrieved weather data for 8 active stations
Failed to parse HTTP request: Empty request line
Parsed request: GET /weather.json (Thread: ConnectionHandler)
Updated server Lamport clock: 1 -> 4
Queued GET request with timestamp: 4 (Queue size: 2)
Processing GET with Lamport time 2 - returning 8 stations
Weather data served - Total stations: 8, States: {TEST=7, SA=1}
Processing GET request with Lamport time: 3
Dispatching GET request to GetRequestHandler
Retrieved weather data for 8 active stations
Server response: HTTP/1.1 200 OK
Updated Lamport clock from server response: 2 -> 3
Processing GET with Lamport time 3 - returning 8 stations
Weather data served - Total stations: 8, States: {TEST=7, SA=1}
Processing GET request with Lamport time: 4
Server response: HTTP/1.1 200 OK
Dispatching GET request to GetRequestHandler
Retrieved weather data for 8 active stations
Updated Lamport clock from server response: 3 -> 4
Processing GET with Lamport time 4 - returning 8 stations
Weather data served - Total stations: 8, States: {TEST=7, SA=1}
Server response: HTTP/1.1 200 OK
Updated Lamport clock from server response: 4 -> 5
Connected to server at localhost:50884
Sending GET request (Lamport time: 1)
Client connected from: /127.0.0.1:50891 (Thread: ConnectionHandler)
Parsed request: GET /weather.json (Thread: ConnectionHandler)
Updated server Lamport clock: 1 -> 5
Queued GET request with timestamp: 5 (Queue size: 1)
Processing GET request with Lamport time: 5
Dispatching GET request to GetRequestHandler
Retrieved weather data for 8 active stations
Processing GET with Lamport time 5 - returning 8 stations
Weather data served - Total stations: 8, States: {TEST=7, SA=1}
Server response: HTTP/1.1 200 OK
Updated Lamport clock from server response: 5 -> 6

Shutting down aggregation server...
Data expiry service stopped
Request ordering service stopped
Connection manager shutdown complete
Weather data repository shutdown complete
Retrieved weather data for 8 active stations
Error saving weather data: Task java.util.concurrent.CompletableFuture$AsyncRun@4a951911 rejected from java.util.concurrent.ThreadPoolExecutor@55b62629[Terminated, pool size = 0, active threads = 0, queued tasks = 0, completed tasks = 0]
Server shutdown complete

]]></system-out>
  </testcase>
  <testcase name="testConcurrentPUTAndGETOperations" classname="com.weathersystem.integration.MultiClientCoordinationTest" time="0.121">
    <system-out><![CDATA[Registered handler for PUT requests: PutRequestHandler
Registered handler for GET requests: GetRequestHandler
Request handlers configured for 2 HTTP methods

=== Aggregation Server Starting ===
Starting on port: 50892
Initial Lamport clock: 0
Connection manager started with 10 threads
Request ordering service started - processing in Lamport timestamp order
Started background cleanup service (checking every 5 seconds)
All services initialized successfully
Loading weather data from persistent storage...
Cleared all weather data (0 stations)
Loaded 8 weather stations from storage
Loaded 8 weather stations from data/weather.json
Server listening on port 50892
Press Ctrl+C to stop the server

Client connected from: /127.0.0.1:50893 (Thread: ConnectionHandler)
Failed to parse HTTP request: Empty request line
Connected to server at localhost:50892
Sending GET request (Lamport time: 1)
Connected to server at localhost:50892
Sending GET request (Lamport time: 1)
Connected to server at localhost:50892
Sending GET request (Lamport time: 1)
Connected to server at localhost:50892
Sending GET request (Lamport time: 1)
Connected to server at localhost:50892
Sending GET request (Lamport time: 1)

Processing weather file (Lamport time: 1)

Processing weather file (Lamport time: 1)

Processing weather file (Lamport time: 1)

Processing weather file (Lamport time: 1)
Connected to server at localhost:50892
Uploading weather data for station: TEST006
Sending GET request (Lamport time: 1)

Processing weather file (Lamport time: 1)
Uploading weather data for station: TEST004
Uploading weather data for station: TEST000
Client connected from: /127.0.0.1:50894 (Thread: ConnectionHandler)
Connected to server at localhost:50892
Parsed request: GET /weather.json (Thread: ConnectionHandler)

Processing weather file (Lamport time: 1)
Updated server Lamport clock: 1 -> 2
Sending GET request (Lamport time: 1)
Queued GET request with timestamp: 2 (Queue size: 1)
Uploading weather data for station: TEST008
Uploading weather data for station: TEST002
Connected to server at localhost:50892
Sending PUT request (Lamport time: 2)
Connected to server at localhost:50892
Sending PUT request (Lamport time: 2)
Connected to server at localhost:50892
Sending PUT request (Lamport time: 2)
Processing GET request with Lamport time: 2
Dispatching GET request to GetRequestHandler
Connected to server at localhost:50892
Connected to server at localhost:50892
Sending PUT request (Lamport time: 2)
Sending GET request (Lamport time: 1)
Connected to server at localhost:50892
Retrieved weather data for 8 active stations
Sending PUT request (Lamport time: 2)
Uploading weather data for station: TEST010

Processing weather file (Lamport time: 1)
Client connected from: /127.0.0.1:50895 (Thread: ConnectionHandler)

Processing weather file (Lamport time: 1)
Connected to server at localhost:50892
Sending PUT request (Lamport time: 2)
Parsed request: GET /weather.json (Thread: ConnectionHandler)
Updated server Lamport clock: 1 -> 3
Queued GET request with timestamp: 3 (Queue size: 1)
Connected to server at localhost:50892
Sending GET request (Lamport time: 1)
Uploading weather data for station: TEST012
Connected to server at localhost:50892
Sending GET request (Lamport time: 1)

Processing weather file (Lamport time: 1)
Client connected from: /127.0.0.1:50896 (Thread: ConnectionHandler)

Processing weather file (Lamport time: 1)
Parsed request: GET /weather.json (Thread: ConnectionHandler)
Connected to server at localhost:50892
Uploading weather data for station: TEST014
Updated server Lamport clock: 1 -> 4
Sending PUT request (Lamport time: 2)
Queued GET request with timestamp: 4 (Queue size: 2)
Uploading weather data for station: TEST016
Client connected from: /127.0.0.1:50897 (Thread: ConnectionHandler)
Processing GET with Lamport time 2 - returning 8 stations
Uploading weather data for station: TEST018
Parsed request: GET /weather.json (Thread: ConnectionHandler)
Updated server Lamport clock: 1 -> 5
Client connected from: /127.0.0.1:50898 (Thread: ConnectionHandler)
Queued GET request with timestamp: 5 (Queue size: 3)
Client connected from: /127.0.0.1:50899 (Thread: ConnectionHandler)
Connected to server at localhost:50892
Weather data served - Total stations: 8, States: {TEST=7, SA=1}
Sending PUT request (Lamport time: 2)
Connected to server at localhost:50892
Processing GET request with Lamport time: 3
Connected to server at localhost:50892
Sending PUT request (Lamport time: 2)
Parsed request: GET /weather.json (Thread: ConnectionHandler)
Dispatching GET request to GetRequestHandler
Sending PUT request (Lamport time: 2)
Updated server Lamport clock: 1 -> 6
Parsed request: GET /weather.json (Thread: ConnectionHandler)
Retrieved weather data for 8 active stations
Updated server Lamport clock: 1 -> 7
Queued GET request with timestamp: 6 (Queue size: 3)
Server response: HTTP/1.1 200 OK
Queued GET request with timestamp: 7 (Queue size: 4)
Updated Lamport clock from server response: 2 -> 3
Client connected from: /127.0.0.1:50900 (Thread: ConnectionHandler)
Parsed request: GET /weather.json (Thread: ConnectionHandler)
Updated server Lamport clock: 1 -> 8
Client connected from: /127.0.0.1:50901 (Thread: ConnectionHandler)
Queued GET request with timestamp: 8 (Queue size: 5)
Client connected from: /127.0.0.1:50903 (Thread: ConnectionHandler)
Client connected from: /127.0.0.1:50902 (Thread: ConnectionHandler)
Client connected from: /127.0.0.1:50905 (Thread: ConnectionHandler)
Parsed request: PUT /weather.json (Thread: ConnectionHandler)
Parsed request: PUT /weather.json (Thread: ConnectionHandler)
Updated server Lamport clock: 2 -> 9
Parsed request: GET /weather.json (Thread: ConnectionHandler)
Parsed request: PUT /weather.json (Thread: ConnectionHandler)
Updated server Lamport clock: 2 -> 10
Queued PUT request with timestamp: 9 (Queue size: 6)
Processing GET with Lamport time 3 - returning 8 stations
Updated server Lamport clock: 1 -> 11
Queued PUT request with timestamp: 10 (Queue size: 7)
Updated server Lamport clock: 2 -> 12
Queued GET request with timestamp: 11 (Queue size: 8)
Queued PUT request with timestamp: 12 (Queue size: 9)
Client connected from: /127.0.0.1:50906 (Thread: ConnectionHandler)
Weather data served - Total stations: 8, States: {TEST=7, SA=1}
Client connected from: /127.0.0.1:50908 (Thread: ConnectionHandler)
Parsed request: PUT /weather.json (Thread: ConnectionHandler)
Client connected from: /127.0.0.1:50907 (Thread: ConnectionHandler)
Client connected from: /127.0.0.1:50904 (Thread: ConnectionHandler)
Processing GET request with Lamport time: 4
Updated server Lamport clock: 2 -> 13
Server response: HTTP/1.1 200 OK
Client connected from: /127.0.0.1:50909 (Thread: ConnectionHandler)
Dispatching GET request to GetRequestHandler
Queued PUT request with timestamp: 13 (Queue size: 9)
Retrieved weather data for 8 active stations
Client connected from: /127.0.0.1:50910 (Thread: ConnectionHandler)
Updated Lamport clock from server response: 3 -> 4
Parsed request: PUT /weather.json (Thread: ConnectionHandler)
Updated server Lamport clock: 2 -> 14
Parsed request: PUT /weather.json (Thread: ConnectionHandler)
Parsed request: GET /weather.json (Thread: ConnectionHandler)
Updated server Lamport clock: 2 -> 15
Queued PUT request with timestamp: 14 (Queue size: 10)
Updated server Lamport clock: 1 -> 16
Parsed request: PUT /weather.json (Thread: ConnectionHandler)
Queued PUT request with timestamp: 15 (Queue size: 11)
Updated server Lamport clock: 2 -> 17
Client connected from: /127.0.0.1:50911 (Thread: ConnectionHandler)
Client connected from: /127.0.0.1:50912 (Thread: ConnectionHandler)
Queued PUT request with timestamp: 17 (Queue size: 12)
Client connected from: /127.0.0.1:50913 (Thread: ConnectionHandler)
Parsed request: PUT /weather.json (Thread: ConnectionHandler)
Parsed request: PUT /weather.json (Thread: ConnectionHandler)
Parsed request: GET /weather.json (Thread: ConnectionHandler)
Updated server Lamport clock: 2 -> 19
Updated server Lamport clock: 2 -> 18
Parsed request: PUT /weather.json (Thread: ConnectionHandler)
Updated server Lamport clock: 1 -> 20
Queued PUT request with timestamp: 18 (Queue size: 14)
Updated server Lamport clock: 2 -> 21
Queued PUT request with timestamp: 19 (Queue size: 13)
Queued PUT request with timestamp: 21 (Queue size: 16)
Queued GET request with timestamp: 20 (Queue size: 15)
Queued GET request with timestamp: 16 (Queue size: 17)
Processing GET with Lamport time 4 - returning 8 stations
Weather data served - Total stations: 8, States: {TEST=7, SA=1}
Processing GET request with Lamport time: 5
Server response: HTTP/1.1 200 OK
Dispatching GET request to GetRequestHandler
Updated Lamport clock from server response: 4 -> 5
Retrieved weather data for 8 active stations
Processing GET with Lamport time 5 - returning 8 stations
Weather data served - Total stations: 8, States: {TEST=7, SA=1}
Processing GET request with Lamport time: 6
Server response: HTTP/1.1 200 OK
Dispatching GET request to GetRequestHandler
Updated Lamport clock from server response: 5 -> 6
Retrieved weather data for 8 active stations
Processing GET with Lamport time 6 - returning 8 stations
Weather data served - Total stations: 8, States: {TEST=7, SA=1}
Processing GET request with Lamport time: 7
Dispatching GET request to GetRequestHandler
Server response: HTTP/1.1 200 OK
Retrieved weather data for 8 active stations
Updated Lamport clock from server response: 6 -> 7
Processing GET with Lamport time 7 - returning 8 stations
Weather data served - Total stations: 8, States: {TEST=7, SA=1}
Processing GET request with Lamport time: 8
Dispatching GET request to GetRequestHandler
Server response: HTTP/1.1 200 OK
Retrieved weather data for 8 active stations
Updated Lamport clock from server response: 7 -> 8
Processing GET with Lamport time 8 - returning 8 stations
Weather data served - Total stations: 8, States: {TEST=7, SA=1}
Processing PUT request with Lamport time: 9
Dispatching PUT request to PutRequestHandler
Server response: HTTP/1.1 200 OK
Updated Lamport clock from server response: 8 -> 9
Stored weather data for station: TEST006 (new station)
Processing PUT with Lamport time 9 for station: TEST006 (new)
Retrieved weather data for 9 active stations
Server response: HTTP/1.1 201 Created
Processing PUT request with Lamport time: 10
Updated Lamport clock from server response: 9 -> 10
New weather station registered
Dispatching PUT request to PutRequestHandler
Server accepted weather data with status: 201 Created

Weather data published successfully

Stored weather data for station: TEST004 (updated existing)
Processing PUT with Lamport time 10 for station: TEST004 (update)
Retrieved weather data for 9 active stations
Processing GET request with Lamport time: 11
Dispatching GET request to GetRequestHandler
Server response: HTTP/1.1 200 OK
Retrieved weather data for 9 active stations
Updated Lamport clock from server response: 10 -> 11
Existing weather station data updated
Server accepted weather data with status: 200 OK

Weather data published successfully

Processing GET with Lamport time 11 - returning 9 stations
Weather data served - Total stations: 9, States: {TEST=8, SA=1}
Processing PUT request with Lamport time: 12
Server response: HTTP/1.1 200 OK
Dispatching PUT request to PutRequestHandler
Updated Lamport clock from server response: 11 -> 12
Stored weather data for station: TEST000 (updated existing)
Processing PUT with Lamport time 12 for station: TEST000 (update)
Retrieved weather data for 9 active stations
Processing PUT request with Lamport time: 13
Dispatching PUT request to PutRequestHandler
Server response: HTTP/1.1 200 OK
Stored weather data for station: TEST002 (updated existing)
Updated Lamport clock from server response: 12 -> 13
Processing PUT with Lamport time 13 for station: TEST002 (update)
Existing weather station data updated
Retrieved weather data for 9 active stations
Server accepted weather data with status: 200 OK
Processing PUT request with Lamport time: 14

Weather data published successfully

Dispatching PUT request to PutRequestHandler
Server response: HTTP/1.1 200 OK
Weather data saved to persistent storage (9 stations)
Stored weather data for station: TEST010 (new station)
Async save completed successfully
Updated Lamport clock from server response: 13 -> 14
Processing PUT with Lamport time 14 for station: TEST010 (new)
Existing weather station data updated
Retrieved weather data for 10 active stations
Server accepted weather data with status: 200 OK

Weather data published successfully

Processing PUT request with Lamport time: 15
Dispatching PUT request to PutRequestHandler
Server response: HTTP/1.1 201 Created
Updated Lamport clock from server response: 14 -> 15
Stored weather data for station: TEST008 (new station)
New weather station registered
Processing PUT with Lamport time 15 for station: TEST008 (new)
Server accepted weather data with status: 201 Created
Retrieved weather data for 11 active stations

Weather data published successfully

Processing GET request with Lamport time: 16
Dispatching GET request to GetRequestHandler
Server response: HTTP/1.1 201 Created
Retrieved weather data for 11 active stations
Updated Lamport clock from server response: 15 -> 16
New weather station registered
Server accepted weather data with status: 201 Created

Weather data published successfully

Processing GET with Lamport time 16 - returning 11 stations
Weather data saved to persistent storage (9 stations)
Async save completed successfully
Weather data served - Total stations: 11, States: {TEST=10, SA=1}
Processing PUT request with Lamport time: 17
Dispatching PUT request to PutRequestHandler
Server response: HTTP/1.1 200 OK
Stored weather data for station: TEST012 (new station)
Updated Lamport clock from server response: 16 -> 17
Processing PUT with Lamport time 17 for station: TEST012 (new)
Retrieved weather data for 12 active stations
Processing PUT request with Lamport time: 18
Dispatching PUT request to PutRequestHandler
Server response: HTTP/1.1 201 Created
Stored weather data for station: TEST016 (new station)
Processing PUT with Lamport time 18 for station: TEST016 (new)
Updated Lamport clock from server response: 17 -> 18
Retrieved weather data for 13 active stations
New weather station registered
Server accepted weather data with status: 201 Created
Processing PUT request with Lamport time: 19

Weather data published successfully

Server response: HTTP/1.1 201 Created
Dispatching PUT request to PutRequestHandler
Updated Lamport clock from server response: 18 -> 19
New weather station registered
Weather data saved to persistent storage (9 stations)
Server accepted weather data with status: 201 Created
Async save completed successfully

Weather data published successfully

Stored weather data for station: TEST014 (new station)
Processing PUT with Lamport time 19 for station: TEST014 (new)
Retrieved weather data for 14 active stations
Processing GET request with Lamport time: 20
Server response: HTTP/1.1 201 Created
Dispatching GET request to GetRequestHandler
Updated Lamport clock from server response: 19 -> 20
Retrieved weather data for 14 active stations
New weather station registered
Server accepted weather data with status: 201 Created

Weather data published successfully

Weather data saved to persistent storage (9 stations)
Async save completed successfully
Processing GET with Lamport time 20 - returning 14 stations
Weather data saved to persistent storage (10 stations)
Async save completed successfully
Weather data served - Total stations: 14, States: {TEST=13, SA=1}
Processing PUT request with Lamport time: 21
Dispatching PUT request to PutRequestHandler
Server response: HTTP/1.1 200 OK
Stored weather data for station: TEST018 (new station)
Updated Lamport clock from server response: 20 -> 21
Processing PUT with Lamport time 21 for station: TEST018 (new)
Retrieved weather data for 15 active stations
Server response: HTTP/1.1 201 Created
Updated Lamport clock from server response: 21 -> 22
New weather station registered
Server accepted weather data with status: 201 Created

Weather data published successfully


Shutting down aggregation server...
Data expiry service stopped
Weather data saved to persistent storage (11 stations)
Request ordering service stopped
Async save completed successfully
Connection manager shutdown complete
Weather data repository shutdown complete
Retrieved weather data for 15 active stations
Error saving weather data: Task java.util.concurrent.CompletableFuture$AsyncRun@867ba60 rejected from java.util.concurrent.ThreadPoolExecutor@5ba745bc[Shutting down, pool size = 1, active threads = 1, queued tasks = 3, completed tasks = 6]
Server shutdown complete

Weather data saved to persistent storage (12 stations)
Async save completed successfully
]]></system-out>
  </testcase>
  <testcase name="testMultipleGETClientsRetrievingSimultaneously" classname="com.weathersystem.integration.MultiClientCoordinationTest" time="0.117">
    <system-out><![CDATA[Weather data saved to persistent storage (13 stations)
Async save completed successfully
Registered handler for PUT requests: PutRequestHandler
Registered handler for GET requests: GetRequestHandler
Request handlers configured for 2 HTTP methods
Weather data saved to persistent storage (14 stations)
Async save completed successfully

=== Aggregation Server Starting ===
Starting on port: 50914
Initial Lamport clock: 0
Connection manager started with 10 threads
Request ordering service started - processing in Lamport timestamp order
Weather data saved to persistent storage (15 stations)
Async save completed successfully
Started background cleanup service (checking every 5 seconds)
All services initialized successfully
Loading weather data from persistent storage...
Cleared all weather data (0 stations)
Loaded 15 weather stations from storage
Loaded 15 weather stations from data/weather.json
Server listening on port 50914
Press Ctrl+C to stop the server

Client connected from: /127.0.0.1:50915 (Thread: ConnectionHandler)
Failed to parse HTTP request: Empty request line

Processing weather file (Lamport time: 1)
Uploading weather data for station: TEST000
Connected to server at localhost:50914
Sending PUT request (Lamport time: 2)
Client connected from: /127.0.0.1:50916 (Thread: ConnectionHandler)
Parsed request: PUT /weather.json (Thread: ConnectionHandler)
Updated server Lamport clock: 2 -> 3
Queued PUT request with timestamp: 3 (Queue size: 1)
Processing PUT request with Lamport time: 3
Dispatching PUT request to PutRequestHandler
Stored weather data for station: TEST000 (updated existing)
Processing PUT with Lamport time 3 for station: TEST000 (update)
Retrieved weather data for 15 active stations
Server response: HTTP/1.1 200 OK
Updated Lamport clock from server response: 3 -> 4
Existing weather station data updated
Server accepted weather data with status: 200 OK

Weather data published successfully

Weather data saved to persistent storage (15 stations)
Async save completed successfully
Connected to server at localhost:50914
Connected to server at localhost:50914
Connected to server at localhost:50914
Sending GET request (Lamport time: 1)
Connected to server at localhost:50914
Sending GET request (Lamport time: 1)
Connected to server at localhost:50914
Sending GET request (Lamport time: 1)
Sending GET request (Lamport time: 1)
Sending GET request (Lamport time: 1)
Connected to server at localhost:50914
Connected to server at localhost:50914
Sending GET request (Lamport time: 1)
Sending GET request (Lamport time: 1)
Connected to server at localhost:50914
Sending GET request (Lamport time: 1)
Connected to server at localhost:50914
Connected to server at localhost:50914
Sending GET request (Lamport time: 1)
Sending GET request (Lamport time: 1)
Client connected from: /127.0.0.1:50917 (Thread: ConnectionHandler)
Client connected from: /127.0.0.1:50919 (Thread: ConnectionHandler)
Client connected from: /127.0.0.1:50920 (Thread: ConnectionHandler)
Client connected from: /127.0.0.1:50918 (Thread: ConnectionHandler)
Parsed request: GET /weather.json (Thread: ConnectionHandler)
Parsed request: GET /weather.json (Thread: ConnectionHandler)
Updated server Lamport clock: 1 -> 4
Updated server Lamport clock: 1 -> 5
Queued GET request with timestamp: 5 (Queue size: 2)
Parsed request: GET /weather.json (Thread: ConnectionHandler)
Queued GET request with timestamp: 4 (Queue size: 2)
Updated server Lamport clock: 1 -> 6
Queued GET request with timestamp: 6 (Queue size: 2)
Parsed request: GET /weather.json (Thread: ConnectionHandler)
Processing GET request with Lamport time: 4
Client connected from: /127.0.0.1:50921 (Thread: ConnectionHandler)
Updated server Lamport clock: 1 -> 7
Client connected from: /127.0.0.1:50922 (Thread: ConnectionHandler)
Dispatching GET request to GetRequestHandler
Queued GET request with timestamp: 7 (Queue size: 3)
Retrieved weather data for 15 active stations
Parsed request: GET /weather.json (Thread: ConnectionHandler)
Parsed request: GET /weather.json (Thread: ConnectionHandler)
Updated server Lamport clock: 1 -> 8
Updated server Lamport clock: 1 -> 9
Queued GET request with timestamp: 9 (Queue size: 5)
Queued GET request with timestamp: 8 (Queue size: 4)
Client connected from: /127.0.0.1:50923 (Thread: ConnectionHandler)
Parsed request: GET /weather.json (Thread: ConnectionHandler)
Client connected from: /127.0.0.1:50924 (Thread: ConnectionHandler)
Updated server Lamport clock: 1 -> 10
Client connected from: /127.0.0.1:50926 (Thread: ConnectionHandler)
Queued GET request with timestamp: 10 (Queue size: 6)
Client connected from: /127.0.0.1:50925 (Thread: ConnectionHandler)
Processing GET with Lamport time 4 - returning 15 stations
Parsed request: GET /weather.json (Thread: ConnectionHandler)
Parsed request: GET /weather.json (Thread: ConnectionHandler)
Parsed request: GET /weather.json (Thread: ConnectionHandler)
Updated server Lamport clock: 1 -> 11
Queued GET request with timestamp: 11 (Queue size: 7)
Updated server Lamport clock: 1 -> 12
Updated server Lamport clock: 1 -> 13
Queued GET request with timestamp: 13 (Queue size: 8)
Queued GET request with timestamp: 12 (Queue size: 9)
Weather data served - Total stations: 15, States: {TEST=14, SA=1}
Processing GET request with Lamport time: 5
Dispatching GET request to GetRequestHandler
Server response: HTTP/1.1 200 OK
Retrieved weather data for 15 active stations
Updated Lamport clock from server response: 4 -> 5
Processing GET with Lamport time 5 - returning 15 stations
Weather data served - Total stations: 15, States: {TEST=14, SA=1}
Server response: HTTP/1.1 200 OK
Processing GET request with Lamport time: 6
Dispatching GET request to GetRequestHandler
Retrieved weather data for 15 active stations
Updated Lamport clock from server response: 5 -> 6
Processing GET with Lamport time 6 - returning 15 stations
Weather data served - Total stations: 15, States: {TEST=14, SA=1}
Processing GET request with Lamport time: 7
Dispatching GET request to GetRequestHandler
Server response: HTTP/1.1 200 OK
Retrieved weather data for 15 active stations
Updated Lamport clock from server response: 6 -> 7
Processing GET with Lamport time 7 - returning 15 stations
Weather data served - Total stations: 15, States: {TEST=14, SA=1}
Server response: HTTP/1.1 200 OK
Processing GET request with Lamport time: 8
Dispatching GET request to GetRequestHandler
Updated Lamport clock from server response: 7 -> 8
Retrieved weather data for 15 active stations
Processing GET with Lamport time 8 - returning 15 stations
Weather data served - Total stations: 15, States: {TEST=14, SA=1}
Processing GET request with Lamport time: 9
Server response: HTTP/1.1 200 OK
Dispatching GET request to GetRequestHandler
Retrieved weather data for 15 active stations
Updated Lamport clock from server response: 8 -> 9
Processing GET with Lamport time 9 - returning 15 stations
Weather data served - Total stations: 15, States: {TEST=14, SA=1}
Processing GET request with Lamport time: 10
Dispatching GET request to GetRequestHandler
Server response: HTTP/1.1 200 OK
Retrieved weather data for 15 active stations
Updated Lamport clock from server response: 9 -> 10
Processing GET with Lamport time 10 - returning 15 stations
Weather data served - Total stations: 15, States: {TEST=14, SA=1}
Processing GET request with Lamport time: 11
Dispatching GET request to GetRequestHandler
Server response: HTTP/1.1 200 OK
Retrieved weather data for 15 active stations
Updated Lamport clock from server response: 10 -> 11
Processing GET with Lamport time 11 - returning 15 stations
Weather data served - Total stations: 15, States: {TEST=14, SA=1}
Processing GET request with Lamport time: 12
Server response: HTTP/1.1 200 OK
Dispatching GET request to GetRequestHandler
Retrieved weather data for 15 active stations
Updated Lamport clock from server response: 11 -> 12
Processing GET with Lamport time 12 - returning 15 stations
Weather data served - Total stations: 15, States: {TEST=14, SA=1}
Processing GET request with Lamport time: 13
Server response: HTTP/1.1 200 OK
Dispatching GET request to GetRequestHandler
Retrieved weather data for 15 active stations
Updated Lamport clock from server response: 12 -> 13
Processing GET with Lamport time 13 - returning 15 stations
Weather data served - Total stations: 15, States: {TEST=14, SA=1}
Server response: HTTP/1.1 200 OK
Updated Lamport clock from server response: 13 -> 14

Shutting down aggregation server...
Data expiry service stopped
Request ordering service stopped
Connection manager shutdown complete
Weather data repository shutdown complete
Retrieved weather data for 15 active stations
Error saving weather data: Task java.util.concurrent.CompletableFuture$AsyncRun@63a5d002 rejected from java.util.concurrent.ThreadPoolExecutor@13cda7c9[Terminated, pool size = 0, active threads = 0, queued tasks = 0, completed tasks = 1]
Server shutdown complete

]]></system-out>
  </testcase>
  <testcase name="testSequentialOperationsFromMultipleClients" classname="com.weathersystem.integration.MultiClientCoordinationTest" time="0.12">
    <system-out><![CDATA[Registered handler for PUT requests: PutRequestHandler
Registered handler for GET requests: GetRequestHandler
Request handlers configured for 2 HTTP methods

=== Aggregation Server Starting ===
Starting on port: 50927
Initial Lamport clock: 0
Connection manager started with 10 threads
Request ordering service started - processing in Lamport timestamp order
Started background cleanup service (checking every 5 seconds)
All services initialized successfully
Loading weather data from persistent storage...
Cleared all weather data (0 stations)
Loaded 15 weather stations from storage
Loaded 15 weather stations from data/weather.json
Server listening on port 50927
Press Ctrl+C to stop the server

Client connected from: /127.0.0.1:50928 (Thread: ConnectionHandler)
Failed to parse HTTP request: Empty request line

Processing weather file (Lamport time: 1)
Uploading weather data for station: TEST000
Connected to server at localhost:50927
Sending PUT request (Lamport time: 2)
Client connected from: /127.0.0.1:50929 (Thread: ConnectionHandler)
Parsed request: PUT /weather.json (Thread: ConnectionHandler)
Updated server Lamport clock: 2 -> 3
Queued PUT request with timestamp: 3 (Queue size: 1)
Processing PUT request with Lamport time: 3
Dispatching PUT request to PutRequestHandler
Stored weather data for station: TEST000 (updated existing)
Processing PUT with Lamport time 3 for station: TEST000 (update)
Retrieved weather data for 15 active stations
Server response: HTTP/1.1 200 OK
Updated Lamport clock from server response: 3 -> 4
Existing weather station data updated
Server accepted weather data with status: 200 OK

Weather data published successfully

Connected to server at localhost:50927
Sending GET request (Lamport time: 1)
Client connected from: /127.0.0.1:50930 (Thread: ConnectionHandler)
Parsed request: GET /weather.json (Thread: ConnectionHandler)
Updated server Lamport clock: 1 -> 4
Queued GET request with timestamp: 4 (Queue size: 1)
Processing GET request with Lamport time: 4
Dispatching GET request to GetRequestHandler
Retrieved weather data for 15 active stations
Processing GET with Lamport time 4 - returning 15 stations
Weather data served - Total stations: 15, States: {TEST=14, SA=1}
Server response: HTTP/1.1 200 OK
Updated Lamport clock from server response: 4 -> 5
Weather data saved to persistent storage (15 stations)
Async save completed successfully

Processing weather file (Lamport time: 5)
Uploading weather data for station: TEST001
Connected to server at localhost:50927
Sending PUT request (Lamport time: 6)
Client connected from: /127.0.0.1:50931 (Thread: ConnectionHandler)
Parsed request: PUT /weather.json (Thread: ConnectionHandler)
Updated server Lamport clock: 6 -> 7
Queued PUT request with timestamp: 7 (Queue size: 1)
Processing PUT request with Lamport time: 7
Dispatching PUT request to PutRequestHandler
Stored weather data for station: TEST001 (updated existing)
Processing PUT with Lamport time 7 for station: TEST001 (update)
Retrieved weather data for 15 active stations
Server response: HTTP/1.1 200 OK
Updated Lamport clock from server response: 7 -> 8
Existing weather station data updated
Server accepted weather data with status: 200 OK

Weather data published successfully

Connected to server at localhost:50927
Sending GET request (Lamport time: 6)
Client connected from: /127.0.0.1:50932 (Thread: ConnectionHandler)
Parsed request: GET /weather.json (Thread: ConnectionHandler)
Updated server Lamport clock: 6 -> 8
Queued GET request with timestamp: 8 (Queue size: 1)
Processing GET request with Lamport time: 8
Dispatching GET request to GetRequestHandler
Retrieved weather data for 15 active stations
Processing GET with Lamport time 8 - returning 15 stations
Weather data saved to persistent storage (15 stations)
Async save completed successfully
Weather data served - Total stations: 15, States: {TEST=14, SA=1}
Server response: HTTP/1.1 200 OK
Updated Lamport clock from server response: 8 -> 9

Processing weather file (Lamport time: 9)
Uploading weather data for station: TEST002
Connected to server at localhost:50927
Sending PUT request (Lamport time: 10)
Client connected from: /127.0.0.1:50933 (Thread: ConnectionHandler)
Parsed request: PUT /weather.json (Thread: ConnectionHandler)
Updated server Lamport clock: 10 -> 11
Queued PUT request with timestamp: 11 (Queue size: 1)
Processing PUT request with Lamport time: 11
Dispatching PUT request to PutRequestHandler
Stored weather data for station: TEST002 (updated existing)
Processing PUT with Lamport time 11 for station: TEST002 (update)
Retrieved weather data for 15 active stations
Server response: HTTP/1.1 200 OK
Updated Lamport clock from server response: 11 -> 12
Existing weather station data updated
Server accepted weather data with status: 200 OK

Weather data published successfully

Connected to server at localhost:50927
Sending GET request (Lamport time: 10)
Client connected from: /127.0.0.1:50934 (Thread: ConnectionHandler)
Parsed request: GET /weather.json (Thread: ConnectionHandler)
Updated server Lamport clock: 10 -> 12
Queued GET request with timestamp: 12 (Queue size: 1)
Processing GET request with Lamport time: 12
Dispatching GET request to GetRequestHandler
Retrieved weather data for 15 active stations
Processing GET with Lamport time 12 - returning 15 stations
Weather data served - Total stations: 15, States: {TEST=14, SA=1}
Server response: HTTP/1.1 200 OK
Updated Lamport clock from server response: 12 -> 13

Processing weather file (Lamport time: 1)
Weather data saved to persistent storage (15 stations)
Async save completed successfully
Uploading weather data for station: TEST100
Connected to server at localhost:50927
Sending PUT request (Lamport time: 2)
Client connected from: /127.0.0.1:50935 (Thread: ConnectionHandler)
Parsed request: PUT /weather.json (Thread: ConnectionHandler)
Updated server Lamport clock: 2 -> 13
Queued PUT request with timestamp: 13 (Queue size: 1)
Processing PUT request with Lamport time: 13
Dispatching PUT request to PutRequestHandler
Stored weather data for station: TEST100 (new station)
Processing PUT with Lamport time 13 for station: TEST100 (new)
Retrieved weather data for 16 active stations
Server response: HTTP/1.1 201 Created
Updated Lamport clock from server response: 13 -> 14
New weather station registered
Server accepted weather data with status: 201 Created

Weather data published successfully

Connected to server at localhost:50927
Sending GET request (Lamport time: 1)
Client connected from: /127.0.0.1:50936 (Thread: ConnectionHandler)
Parsed request: GET /weather.json (Thread: ConnectionHandler)
Updated server Lamport clock: 1 -> 14
Queued GET request with timestamp: 14 (Queue size: 1)
Processing GET request with Lamport time: 14
Dispatching GET request to GetRequestHandler
Retrieved weather data for 16 active stations
Processing GET with Lamport time 14 - returning 16 stations
Weather data saved to persistent storage (16 stations)
Async save completed successfully
Weather data served - Total stations: 16, States: {TEST=15, SA=1}
Server response: HTTP/1.1 200 OK
Updated Lamport clock from server response: 14 -> 15

Processing weather file (Lamport time: 15)
Uploading weather data for station: TEST101
Connected to server at localhost:50927
Sending PUT request (Lamport time: 16)
Client connected from: /127.0.0.1:50937 (Thread: ConnectionHandler)
Parsed request: PUT /weather.json (Thread: ConnectionHandler)
Updated server Lamport clock: 16 -> 17
Queued PUT request with timestamp: 17 (Queue size: 1)
Processing PUT request with Lamport time: 17
Dispatching PUT request to PutRequestHandler
Stored weather data for station: TEST101 (new station)
Processing PUT with Lamport time 17 for station: TEST101 (new)
Retrieved weather data for 17 active stations
Server response: HTTP/1.1 201 Created
Updated Lamport clock from server response: 17 -> 18
New weather station registered
Server accepted weather data with status: 201 Created

Weather data published successfully

Connected to server at localhost:50927
Sending GET request (Lamport time: 16)
Client connected from: /127.0.0.1:50938 (Thread: ConnectionHandler)
Parsed request: GET /weather.json (Thread: ConnectionHandler)
Updated server Lamport clock: 16 -> 18
Queued GET request with timestamp: 18 (Queue size: 1)
Processing GET request with Lamport time: 18
Dispatching GET request to GetRequestHandler
Retrieved weather data for 17 active stations
Processing GET with Lamport time 18 - returning 17 stations
Weather data saved to persistent storage (17 stations)
Async save completed successfully
Weather data served - Total stations: 17, States: {TEST=16, SA=1}
Server response: HTTP/1.1 200 OK
Updated Lamport clock from server response: 18 -> 19

Processing weather file (Lamport time: 19)
Uploading weather data for station: TEST102
Connected to server at localhost:50927
Sending PUT request (Lamport time: 20)
Client connected from: /127.0.0.1:50939 (Thread: ConnectionHandler)
Parsed request: PUT /weather.json (Thread: ConnectionHandler)
Updated server Lamport clock: 20 -> 21
Queued PUT request with timestamp: 21 (Queue size: 1)
Processing PUT request with Lamport time: 21
Dispatching PUT request to PutRequestHandler
Stored weather data for station: TEST102 (new station)
Processing PUT with Lamport time 21 for station: TEST102 (new)
Retrieved weather data for 18 active stations
Server response: HTTP/1.1 201 Created
Updated Lamport clock from server response: 21 -> 22
New weather station registered
Server accepted weather data with status: 201 Created

Weather data published successfully

Connected to server at localhost:50927
Sending GET request (Lamport time: 20)
Client connected from: /127.0.0.1:50940 (Thread: ConnectionHandler)
Parsed request: GET /weather.json (Thread: ConnectionHandler)
Updated server Lamport clock: 20 -> 22
Queued GET request with timestamp: 22 (Queue size: 1)
Processing GET request with Lamport time: 22
Dispatching GET request to GetRequestHandler
Retrieved weather data for 18 active stations
Processing GET with Lamport time 22 - returning 18 stations
Weather data served - Total stations: 18, States: {TEST=17, SA=1}
Server response: HTTP/1.1 200 OK
Weather data saved to persistent storage (18 stations)
Updated Lamport clock from server response: 22 -> 23
Async save completed successfully

Processing weather file (Lamport time: 1)
Uploading weather data for station: TEST200
Connected to server at localhost:50927
Sending PUT request (Lamport time: 2)
Client connected from: /127.0.0.1:50941 (Thread: ConnectionHandler)
Parsed request: PUT /weather.json (Thread: ConnectionHandler)
Updated server Lamport clock: 2 -> 23
Queued PUT request with timestamp: 23 (Queue size: 1)
Processing PUT request with Lamport time: 23
Dispatching PUT request to PutRequestHandler
Stored weather data for station: TEST200 (new station)
Processing PUT with Lamport time 23 for station: TEST200 (new)
Retrieved weather data for 19 active stations
Server response: HTTP/1.1 201 Created
Updated Lamport clock from server response: 23 -> 24
New weather station registered
Server accepted weather data with status: 201 Created

Weather data published successfully

Connected to server at localhost:50927
Sending GET request (Lamport time: 1)
Client connected from: /127.0.0.1:50942 (Thread: ConnectionHandler)
Parsed request: GET /weather.json (Thread: ConnectionHandler)
Updated server Lamport clock: 1 -> 24
Queued GET request with timestamp: 24 (Queue size: 1)
Processing GET request with Lamport time: 24
Dispatching GET request to GetRequestHandler
Retrieved weather data for 19 active stations
Processing GET with Lamport time 24 - returning 19 stations
Weather data served - Total stations: 19, States: {TEST=18, SA=1}
Server response: HTTP/1.1 200 OK
Updated Lamport clock from server response: 24 -> 25
Weather data saved to persistent storage (19 stations)
Async save completed successfully

Processing weather file (Lamport time: 25)
Uploading weather data for station: TEST201
Connected to server at localhost:50927
Sending PUT request (Lamport time: 26)
Client connected from: /127.0.0.1:50943 (Thread: ConnectionHandler)
Parsed request: PUT /weather.json (Thread: ConnectionHandler)
Updated server Lamport clock: 26 -> 27
Queued PUT request with timestamp: 27 (Queue size: 1)
Processing PUT request with Lamport time: 27
Dispatching PUT request to PutRequestHandler
Stored weather data for station: TEST201 (new station)
Processing PUT with Lamport time 27 for station: TEST201 (new)
Retrieved weather data for 20 active stations
Server response: HTTP/1.1 201 Created
Updated Lamport clock from server response: 27 -> 28
New weather station registered
Server accepted weather data with status: 201 Created

Weather data published successfully

Connected to server at localhost:50927
Sending GET request (Lamport time: 26)
Client connected from: /127.0.0.1:50944 (Thread: ConnectionHandler)
Parsed request: GET /weather.json (Thread: ConnectionHandler)
Updated server Lamport clock: 26 -> 28
Queued GET request with timestamp: 28 (Queue size: 1)
Processing GET request with Lamport time: 28
Dispatching GET request to GetRequestHandler
Retrieved weather data for 20 active stations
Processing GET with Lamport time 28 - returning 20 stations
Server response: HTTP/1.1 200 OK
Updated Lamport clock from server response: 28 -> 29
Weather data saved to persistent storage (20 stations)
Async save completed successfully
Weather data served - Total stations: 20, States: {TEST=19, SA=1}

Processing weather file (Lamport time: 29)
Uploading weather data for station: TEST202
Connected to server at localhost:50927
Sending PUT request (Lamport time: 30)
Client connected from: /127.0.0.1:50945 (Thread: ConnectionHandler)
Parsed request: PUT /weather.json (Thread: ConnectionHandler)
Updated server Lamport clock: 30 -> 31
Queued PUT request with timestamp: 31 (Queue size: 1)
Processing PUT request with Lamport time: 31
Dispatching PUT request to PutRequestHandler
Stored weather data for station: TEST202 (new station)
Processing PUT with Lamport time 31 for station: TEST202 (new)
Retrieved weather data for 21 active stations
Server response: HTTP/1.1 201 Created
Updated Lamport clock from server response: 31 -> 32
New weather station registered
Server accepted weather data with status: 201 Created

Weather data published successfully

Connected to server at localhost:50927
Sending GET request (Lamport time: 30)
Client connected from: /127.0.0.1:50946 (Thread: ConnectionHandler)
Parsed request: GET /weather.json (Thread: ConnectionHandler)
Updated server Lamport clock: 30 -> 32
Queued GET request with timestamp: 32 (Queue size: 1)
Processing GET request with Lamport time: 32
Dispatching GET request to GetRequestHandler
Retrieved weather data for 21 active stations
Processing GET with Lamport time 32 - returning 21 stations
Weather data served - Total stations: 21, States: {TEST=20, SA=1}
Server response: HTTP/1.1 200 OK
Updated Lamport clock from server response: 32 -> 33
Weather data saved to persistent storage (21 stations)
Async save completed successfully

Shutting down aggregation server...
Data expiry service stopped
Request ordering service stopped
Connection manager shutdown complete
Weather data repository shutdown complete
Retrieved weather data for 21 active stations
Error saving weather data: Task java.util.concurrent.CompletableFuture$AsyncRun@3af9aa66 rejected from java.util.concurrent.ThreadPoolExecutor@771158fb[Terminated, pool size = 0, active threads = 0, queued tasks = 0, completed tasks = 9]
Server shutdown complete

]]></system-out>
  </testcase>
  <testcase name="testDataConsistencyUnderConcurrentUpdates" classname="com.weathersystem.integration.MultiClientCoordinationTest" time="1.446">
    <system-out><![CDATA[Registered handler for PUT requests: PutRequestHandler
Registered handler for GET requests: GetRequestHandler
Request handlers configured for 2 HTTP methods

=== Aggregation Server Starting ===
Starting on port: 50947
Initial Lamport clock: 0
Connection manager started with 10 threads
Request ordering service started - processing in Lamport timestamp order
Started background cleanup service (checking every 5 seconds)
All services initialized successfully
Loading weather data from persistent storage...
Cleared all weather data (0 stations)
Loaded 21 weather stations from storage
Loaded 21 weather stations from data/weather.json
Server listening on port 50947
Press Ctrl+C to stop the server

Client connected from: /127.0.0.1:50948 (Thread: ConnectionHandler)
Failed to parse HTTP request: Empty request line

Processing weather file (Lamport time: 1)

Processing weather file (Lamport time: 1)

Processing weather file (Lamport time: 1)

Processing weather file (Lamport time: 1)

Processing weather file (Lamport time: 1)
Uploading weather data for station: TEST000
Uploading weather data for station: TEST200
Uploading weather data for station: TEST100
Uploading weather data for station: TEST300
Uploading weather data for station: TEST400
Connected to server at localhost:50947
Connected to server at localhost:50947
Connected to server at localhost:50947
Connected to server at localhost:50947
Sending PUT request (Lamport time: 2)
Sending PUT request (Lamport time: 2)
Sending PUT request (Lamport time: 2)
Sending PUT request (Lamport time: 2)
Connected to server at localhost:50947
Sending PUT request (Lamport time: 2)
Client connected from: /127.0.0.1:50949 (Thread: ConnectionHandler)
Client connected from: /127.0.0.1:50950 (Thread: ConnectionHandler)
Client connected from: /127.0.0.1:50951 (Thread: ConnectionHandler)
Parsed request: PUT /weather.json (Thread: ConnectionHandler)
Parsed request: PUT /weather.json (Thread: ConnectionHandler)
Updated server Lamport clock: 2 -> 3
Updated server Lamport clock: 2 -> 4
Parsed request: PUT /weather.json (Thread: ConnectionHandler)
Client connected from: /127.0.0.1:50952 (Thread: ConnectionHandler)
Updated server Lamport clock: 2 -> 5
Queued PUT request with timestamp: 3 (Queue size: 2)
Queued PUT request with timestamp: 5 (Queue size: 3)
Queued PUT request with timestamp: 4 (Queue size: 2)
Processing PUT request with Lamport time: 3
Dispatching PUT request to PutRequestHandler
Client connected from: /127.0.0.1:50953 (Thread: ConnectionHandler)
Parsed request: PUT /weather.json (Thread: ConnectionHandler)
Updated server Lamport clock: 2 -> 6
Queued PUT request with timestamp: 6 (Queue size: 3)
Parsed request: PUT /weather.json (Thread: ConnectionHandler)
Updated server Lamport clock: 2 -> 7
Queued PUT request with timestamp: 7 (Queue size: 4)
Stored weather data for station: TEST100 (updated existing)
Processing PUT with Lamport time 3 for station: TEST100 (update)
Retrieved weather data for 21 active stations
Processing PUT request with Lamport time: 4
Dispatching PUT request to PutRequestHandler
Server response: HTTP/1.1 200 OK
Updated Lamport clock from server response: 3 -> 4
Stored weather data for station: TEST200 (updated existing)
Existing weather station data updated
Processing PUT with Lamport time 4 for station: TEST200 (update)
Server accepted weather data with status: 200 OK
Retrieved weather data for 21 active stations

Weather data published successfully

Processing PUT request with Lamport time: 5
Server response: HTTP/1.1 200 OK
Dispatching PUT request to PutRequestHandler
Updated Lamport clock from server response: 4 -> 5
Existing weather station data updated
Server accepted weather data with status: 200 OK
Stored weather data for station: TEST000 (updated existing)
Processing PUT with Lamport time 5 for station: TEST000 (update)

Weather data published successfully

Retrieved weather data for 21 active stations
Processing PUT request with Lamport time: 6
Dispatching PUT request to PutRequestHandler
Server response: HTTP/1.1 200 OK
Updated Lamport clock from server response: 5 -> 6
Existing weather station data updated
Stored weather data for station: TEST300 (new station)
Server accepted weather data with status: 200 OK
Processing PUT with Lamport time 6 for station: TEST300 (new)
Retrieved weather data for 22 active stations

Weather data published successfully

Processing PUT request with Lamport time: 7
Server response: HTTP/1.1 201 Created
Dispatching PUT request to PutRequestHandler
Updated Lamport clock from server response: 6 -> 7
New weather station registered
Server accepted weather data with status: 201 Created
Stored weather data for station: TEST400 (new station)
Processing PUT with Lamport time 7 for station: TEST400 (new)

Weather data published successfully

Retrieved weather data for 23 active stations
Server response: HTTP/1.1 201 Created
Updated Lamport clock from server response: 7 -> 8
New weather station registered
Server accepted weather data with status: 201 Created

Weather data published successfully

Weather data saved to persistent storage (21 stations)
Async save completed successfully
Weather data saved to persistent storage (21 stations)
Async save completed successfully
Weather data saved to persistent storage (21 stations)
Async save completed successfully
Weather data saved to persistent storage (22 stations)
Async save completed successfully
Weather data saved to persistent storage (23 stations)
Async save completed successfully

Processing weather file (Lamport time: 7)

Processing weather file (Lamport time: 5)

Processing weather file (Lamport time: 6)

Processing weather file (Lamport time: 9)

Processing weather file (Lamport time: 8)
Uploading weather data for station: TEST301
Uploading weather data for station: TEST001
Uploading weather data for station: TEST401
Uploading weather data for station: TEST201
Uploading weather data for station: TEST101
Connected to server at localhost:50947
Connected to server at localhost:50947
Connected to server at localhost:50947
Connected to server at localhost:50947
Connected to server at localhost:50947
Sending PUT request (Lamport time: 8)
Sending PUT request (Lamport time: 6)
Sending PUT request (Lamport time: 9)
Sending PUT request (Lamport time: 7)
Sending PUT request (Lamport time: 10)
Client connected from: /127.0.0.1:50955 (Thread: ConnectionHandler)
Client connected from: /127.0.0.1:50958 (Thread: ConnectionHandler)
Client connected from: /127.0.0.1:50956 (Thread: ConnectionHandler)
Parsed request: PUT /weather.json (Thread: ConnectionHandler)
Parsed request: PUT /weather.json (Thread: ConnectionHandler)
Updated server Lamport clock: 8 -> 9
Updated server Lamport clock: 6 -> 10
Client connected from: /127.0.0.1:50954 (Thread: ConnectionHandler)
Parsed request: PUT /weather.json (Thread: ConnectionHandler)
Updated server Lamport clock: 7 -> 11
Client connected from: /127.0.0.1:50957 (Thread: ConnectionHandler)
Queued PUT request with timestamp: 11 (Queue size: 2)
Queued PUT request with timestamp: 10 (Queue size: 2)
Processing PUT request with Lamport time: 10
Dispatching PUT request to PutRequestHandler
Queued PUT request with timestamp: 9 (Queue size: 2)
Parsed request: PUT /weather.json (Thread: ConnectionHandler)
Parsed request: PUT /weather.json (Thread: ConnectionHandler)
Updated server Lamport clock: 9 -> 12
Updated server Lamport clock: 10 -> 13
Queued PUT request with timestamp: 12 (Queue size: 3)
Queued PUT request with timestamp: 13 (Queue size: 4)
Stored weather data for station: TEST101 (updated existing)
Processing PUT with Lamport time 10 for station: TEST101 (update)
Retrieved weather data for 23 active stations
Server response: HTTP/1.1 200 OK
Processing PUT request with Lamport time: 9
Dispatching PUT request to PutRequestHandler
Updated Lamport clock from server response: 10 -> 11
Existing weather station data updated
Server accepted weather data with status: 200 OK
Stored weather data for station: TEST001 (updated existing)
Processing PUT with Lamport time 9 for station: TEST001 (update)

Weather data published successfully

Retrieved weather data for 23 active stations
Processing PUT request with Lamport time: 11
Dispatching PUT request to PutRequestHandler
Server response: HTTP/1.1 200 OK
Stored weather data for station: TEST201 (updated existing)
Processing PUT with Lamport time 11 for station: TEST201 (update)
Updated Lamport clock from server response: 9 -> 10
Existing weather station data updated
Server accepted weather data with status: 200 OK
Retrieved weather data for 23 active stations

Weather data published successfully

Processing PUT request with Lamport time: 12
Dispatching PUT request to PutRequestHandler
Server response: HTTP/1.1 200 OK
Updated Lamport clock from server response: 11 -> 12
Existing weather station data updated
Server accepted weather data with status: 200 OK

Weather data published successfully

Stored weather data for station: TEST301 (new station)
Processing PUT with Lamport time 12 for station: TEST301 (new)
Retrieved weather data for 24 active stations
Processing PUT request with Lamport time: 13
Dispatching PUT request to PutRequestHandler
Stored weather data for station: TEST401 (new station)
Processing PUT with Lamport time 13 for station: TEST401 (new)
Server response: HTTP/1.1 201 Created
Retrieved weather data for 25 active stations
Updated Lamport clock from server response: 12 -> 13
New weather station registered
Server accepted weather data with status: 201 Created

Weather data published successfully

Server response: HTTP/1.1 201 Created
Updated Lamport clock from server response: 13 -> 14
New weather station registered
Server accepted weather data with status: 201 Created

Weather data published successfully

Weather data saved to persistent storage (23 stations)
Async save completed successfully
Weather data saved to persistent storage (23 stations)
Async save completed successfully
Weather data saved to persistent storage (23 stations)
Async save completed successfully
Weather data saved to persistent storage (24 stations)
Async save completed successfully
Weather data saved to persistent storage (25 stations)
Async save completed successfully

Processing weather file (Lamport time: 12)

Processing weather file (Lamport time: 13)

Processing weather file (Lamport time: 14)

Processing weather file (Lamport time: 15)

Processing weather file (Lamport time: 11)
Uploading weather data for station: TEST302
Uploading weather data for station: TEST402
Uploading weather data for station: TEST202
Uploading weather data for station: TEST002
Uploading weather data for station: TEST102
Connected to server at localhost:50947
Connected to server at localhost:50947
Connected to server at localhost:50947
Connected to server at localhost:50947
Sending PUT request (Lamport time: 14)
Sending PUT request (Lamport time: 12)
Sending PUT request (Lamport time: 16)
Sending PUT request (Lamport time: 13)
Connected to server at localhost:50947
Sending PUT request (Lamport time: 15)
Client connected from: /127.0.0.1:50960 (Thread: ConnectionHandler)
Client connected from: /127.0.0.1:50961 (Thread: ConnectionHandler)
Parsed request: PUT /weather.json (Thread: ConnectionHandler)
Parsed request: PUT /weather.json (Thread: ConnectionHandler)
Client connected from: /127.0.0.1:50959 (Thread: ConnectionHandler)
Updated server Lamport clock: 14 -> 15
Updated server Lamport clock: 15 -> 16
Parsed request: PUT /weather.json (Thread: ConnectionHandler)
Queued PUT request with timestamp: 15 (Queue size: 2)
Updated server Lamport clock: 12 -> 17
Queued PUT request with timestamp: 17 (Queue size: 3)
Client connected from: /127.0.0.1:50962 (Thread: ConnectionHandler)
Client connected from: /127.0.0.1:50963 (Thread: ConnectionHandler)
Processing PUT request with Lamport time: 15
Parsed request: PUT /weather.json (Thread: ConnectionHandler)
Updated server Lamport clock: 13 -> 18
Parsed request: PUT /weather.json (Thread: ConnectionHandler)
Queued PUT request with timestamp: 18 (Queue size: 3)
Updated server Lamport clock: 16 -> 19
Dispatching PUT request to PutRequestHandler
Queued PUT request with timestamp: 19 (Queue size: 4)
Queued PUT request with timestamp: 16 (Queue size: 4)
Stored weather data for station: TEST202 (updated existing)
Processing PUT with Lamport time 15 for station: TEST202 (update)
Retrieved weather data for 25 active stations
Server response: HTTP/1.1 200 OK
Processing PUT request with Lamport time: 16
Dispatching PUT request to PutRequestHandler
Updated Lamport clock from server response: 15 -> 16
Existing weather station data updated
Server accepted weather data with status: 200 OK
Stored weather data for station: TEST302 (new station)
Processing PUT with Lamport time 16 for station: TEST302 (new)

Weather data published successfully

Retrieved weather data for 26 active stations
Processing PUT request with Lamport time: 17
Dispatching PUT request to PutRequestHandler
Server response: HTTP/1.1 201 Created
Stored weather data for station: TEST002 (updated existing)
Updated Lamport clock from server response: 16 -> 17
Processing PUT with Lamport time 17 for station: TEST002 (update)
New weather station registered
Server accepted weather data with status: 201 Created
Retrieved weather data for 26 active stations

Weather data published successfully

Processing PUT request with Lamport time: 18
Dispatching PUT request to PutRequestHandler
Server response: HTTP/1.1 200 OK
Stored weather data for station: TEST102 (updated existing)
Processing PUT with Lamport time 18 for station: TEST102 (update)
Updated Lamport clock from server response: 17 -> 18
Existing weather station data updated
Server accepted weather data with status: 200 OK
Retrieved weather data for 26 active stations

Weather data published successfully

Processing PUT request with Lamport time: 19
Dispatching PUT request to PutRequestHandler
Stored weather data for station: TEST402 (new station)
Processing PUT with Lamport time 19 for station: TEST402 (new)
Server response: HTTP/1.1 200 OK
Retrieved weather data for 27 active stations
Updated Lamport clock from server response: 18 -> 19
Existing weather station data updated
Server accepted weather data with status: 200 OK

Weather data published successfully

Server response: HTTP/1.1 201 Created
Updated Lamport clock from server response: 19 -> 20
New weather station registered
Server accepted weather data with status: 201 Created

Weather data published successfully

Weather data saved to persistent storage (25 stations)
Async save completed successfully
Weather data saved to persistent storage (26 stations)
Async save completed successfully
Weather data saved to persistent storage (26 stations)
Async save completed successfully
Weather data saved to persistent storage (26 stations)
Async save completed successfully
Weather data saved to persistent storage (27 stations)
Async save completed successfully
Connected to server at localhost:50947
Sending GET request (Lamport time: 1)
Client connected from: /127.0.0.1:50964 (Thread: ConnectionHandler)
Parsed request: GET /weather.json (Thread: ConnectionHandler)
Updated server Lamport clock: 1 -> 20
Queued GET request with timestamp: 20 (Queue size: 1)
Processing GET request with Lamport time: 20
Dispatching GET request to GetRequestHandler
Retrieved weather data for 27 active stations
Processing GET with Lamport time 20 - returning 27 stations
Weather data served - Total stations: 27, States: {TEST=26, SA=1}
Server response: HTTP/1.1 200 OK
Updated Lamport clock from server response: 20 -> 21

Shutting down aggregation server...
Data expiry service stopped
Request ordering service stopped
Connection manager shutdown complete
Weather data repository shutdown complete
Retrieved weather data for 27 active stations
Error saving weather data: Task java.util.concurrent.CompletableFuture$AsyncRun@1d269ed7 rejected from java.util.concurrent.ThreadPoolExecutor@437ebf59[Terminated, pool size = 0, active threads = 0, queued tasks = 0, completed tasks = 15]
Server shutdown complete

]]></system-out>
  </testcase>
</testsuite>