<?xml version="1.0" encoding="UTF-8"?>
<testsuite xmlns:xsi="http://www.w3.org/2001/XMLSchema-instance" xsi:noNamespaceSchemaLocation="https://maven.apache.org/surefire/maven-surefire-plugin/xsd/surefire-test-report-3.0.xsd" version="3.0" name="com.weathersystem.integration.LamportClockOrderingTest" time="5.246" tests="7" errors="0" skipped="0" failures="2">
  <properties>
[...]
</properties>
  <testcase name="testLamportOrderingWithDelayedRequests" classname="com.weathersystem.integration.LamportClockOrderingTest" time="2.13">
    <system-out><![CDATA[Registered handler for PUT requests: PutRequestHandler
Registered handler for GET requests: GetRequestHandler
Request handlers configured for 2 HTTP methods

=== Aggregation Server Starting ===
Starting on port: 50996
Initial Lamport clock: 0
Connection manager started with 10 threads
Request ordering service started - processing in Lamport timestamp order
Started background cleanup service (checking every 5 seconds)
All services initialized successfully
Loading weather data from persistent storage...
Cleared all weather data (0 stations)
Loaded 35 weather stations from storage
Loaded 35 weather stations from data/weather.json
Server listening on port 50996
Press Ctrl+C to stop the server

Client connected from: /127.0.0.1:50997 (Thread: ConnectionHandler)
Failed to parse HTTP request: Empty request line
Connected to server at localhost:50996
Sending GET request (Lamport time: 1)
Client connected from: /127.0.0.1:50998 (Thread: ConnectionHandler)
Parsed request: GET /weather.json (Thread: ConnectionHandler)
Updated server Lamport clock: 1 -> 2
Queued GET request with timestamp: 2 (Queue size: 1)
Processing GET request with Lamport time: 2
Dispatching GET request to GetRequestHandler
Retrieved weather data for 35 active stations
Processing GET with Lamport time 2 - returning 35 stations
Weather data served - Total stations: 35, States: {TEST=34, SA=1}
Server response: HTTP/1.1 200 OK
Updated Lamport clock from server response: 2 -> 3
Connected to server at localhost:50996
Sending GET request (Lamport time: 4)
Client connected from: /127.0.0.1:50999 (Thread: ConnectionHandler)
Parsed request: GET /weather.json (Thread: ConnectionHandler)
Updated server Lamport clock: 4 -> 5
Queued GET request with timestamp: 5 (Queue size: 1)
Processing GET request with Lamport time: 5
Dispatching GET request to GetRequestHandler
Retrieved weather data for 35 active stations
Processing GET with Lamport time 5 - returning 35 stations
Weather data served - Total stations: 35, States: {TEST=34, SA=1}
Server response: HTTP/1.1 200 OK
Updated Lamport clock from server response: 5 -> 6
Connected to server at localhost:50996
Sending GET request (Lamport time: 7)
Client connected from: /127.0.0.1:51000 (Thread: ConnectionHandler)
Parsed request: GET /weather.json (Thread: ConnectionHandler)
Updated server Lamport clock: 7 -> 8
Queued GET request with timestamp: 8 (Queue size: 1)
Processing GET request with Lamport time: 8
Dispatching GET request to GetRequestHandler
Retrieved weather data for 35 active stations
Processing GET with Lamport time 8 - returning 35 stations
Weather data served - Total stations: 35, States: {TEST=34, SA=1}
Server response: HTTP/1.1 200 OK
Updated Lamport clock from server response: 8 -> 9

Processing weather file (Lamport time: 1)
Uploading weather data for station: DELAYED0
Connected to server at localhost:50996
Sending PUT request (Lamport time: 2)
Client connected from: /127.0.0.1:51001 (Thread: ConnectionHandler)
Parsed request: PUT /weather.json (Thread: ConnectionHandler)
Updated server Lamport clock: 2 -> 9
Queued PUT request with timestamp: 9 (Queue size: 1)
Processing PUT request with Lamport time: 9
Dispatching PUT request to PutRequestHandler
Stored weather data for station: DELAYED0 (new station)
Processing PUT with Lamport time 9 for station: DELAYED0 (new)
Retrieved weather data for 36 active stations
Server response: HTTP/1.1 201 Created
Updated Lamport clock from server response: 9 -> 10
New weather station registered
Server accepted weather data with status: 201 Created

Weather data published successfully

Weather data saved to persistent storage (36 stations)
Async save completed successfully

Processing weather file (Lamport time: 11)
Uploading weather data for station: DELAYED1
Connected to server at localhost:50996
Sending PUT request (Lamport time: 12)
Client connected from: /127.0.0.1:51002 (Thread: ConnectionHandler)
Parsed request: PUT /weather.json (Thread: ConnectionHandler)
Updated server Lamport clock: 12 -> 13
Queued PUT request with timestamp: 13 (Queue size: 1)
Processing PUT request with Lamport time: 13
Dispatching PUT request to PutRequestHandler
Stored weather data for station: DELAYED1 (new station)
Processing PUT with Lamport time 13 for station: DELAYED1 (new)
Retrieved weather data for 37 active stations
Server response: HTTP/1.1 201 Created
Updated Lamport clock from server response: 13 -> 14
New weather station registered
Server accepted weather data with status: 201 Created

Weather data published successfully

Weather data saved to persistent storage (37 stations)
Async save completed successfully

Processing weather file (Lamport time: 15)
Uploading weather data for station: DELAYED2
Connected to server at localhost:50996
Sending PUT request (Lamport time: 16)
Client connected from: /127.0.0.1:51003 (Thread: ConnectionHandler)
Parsed request: PUT /weather.json (Thread: ConnectionHandler)
Updated server Lamport clock: 16 -> 17
Queued PUT request with timestamp: 17 (Queue size: 1)
Processing PUT request with Lamport time: 17
Dispatching PUT request to PutRequestHandler
Stored weather data for station: DELAYED2 (new station)
Processing PUT with Lamport time 17 for station: DELAYED2 (new)
Retrieved weather data for 38 active stations
Server response: HTTP/1.1 201 Created
Updated Lamport clock from server response: 17 -> 18
New weather station registered
Server accepted weather data with status: 201 Created

Weather data published successfully

Weather data saved to persistent storage (38 stations)
Async save completed successfully
Connected to server at localhost:50996
Sending GET request (Lamport time: 10)
Client connected from: /127.0.0.1:51004 (Thread: ConnectionHandler)
Parsed request: GET /weather.json (Thread: ConnectionHandler)
Updated server Lamport clock: 10 -> 18
Queued GET request with timestamp: 18 (Queue size: 1)
Processing GET request with Lamport time: 18
Dispatching GET request to GetRequestHandler
Retrieved weather data for 38 active stations
Processing GET with Lamport time 18 - returning 38 stations
Server response: HTTP/1.1 200 OK
Weather data served - Total stations: 38, States: {TEST=37, SA=1}
Updated Lamport clock from server response: 18 -> 19
Connected to server at localhost:50996
Sending GET request (Lamport time: 20)
Client connected from: /127.0.0.1:51005 (Thread: ConnectionHandler)
Parsed request: GET /weather.json (Thread: ConnectionHandler)
Updated server Lamport clock: 20 -> 21
Queued GET request with timestamp: 21 (Queue size: 1)
Processing GET request with Lamport time: 21
Dispatching GET request to GetRequestHandler
Retrieved weather data for 38 active stations
Processing GET with Lamport time 21 - returning 38 stations
Weather data served - Total stations: 38, States: {TEST=37, SA=1}
Server response: HTTP/1.1 200 OK
Updated Lamport clock from server response: 21 -> 22
Timestamp progression with delays: [3, 6, 9, 9, 9, 9, 19, 22]

Shutting down aggregation server...
Data expiry service stopped
Request ordering service stopped
Connection manager shutdown complete
Weather data repository shutdown complete
Retrieved weather data for 38 active stations
Error saving weather data: Task java.util.concurrent.CompletableFuture$AsyncRun@6974a715 rejected from java.util.concurrent.ThreadPoolExecutor@5e8a459[Terminated, pool size = 0, active threads = 0, queued tasks = 0, completed tasks = 3]
Server shutdown complete

]]></system-out>
  </testcase>
  <testcase name="testLamportClockSynchronizationBetweenMultipleClients" classname="com.weathersystem.integration.LamportClockOrderingTest" time="1.15">
    <system-out><![CDATA[Registered handler for PUT requests: PutRequestHandler
Registered handler for GET requests: GetRequestHandler
Request handlers configured for 2 HTTP methods

=== Aggregation Server Starting ===
Starting on port: 51006
Initial Lamport clock: 0
Connection manager started with 10 threads
Request ordering service started - processing in Lamport timestamp order
Started background cleanup service (checking every 5 seconds)
All services initialized successfully
Loading weather data from persistent storage...
Cleared all weather data (0 stations)
Loaded 38 weather stations from storage
Loaded 38 weather stations from data/weather.json
Server listening on port 51006
Press Ctrl+C to stop the server

Client connected from: /127.0.0.1:51007 (Thread: ConnectionHandler)
Failed to parse HTTP request: Empty request line
Connected to server at localhost:51006
Connected to server at localhost:51006
Connected to server at localhost:51006
Sending GET request (Lamport time: 1)
Sending GET request (Lamport time: 1)
Sending GET request (Lamport time: 1)
Client connected from: /127.0.0.1:51010 (Thread: ConnectionHandler)
Client connected from: /127.0.0.1:51009 (Thread: ConnectionHandler)
Parsed request: GET /weather.json (Thread: ConnectionHandler)
Parsed request: GET /weather.json (Thread: ConnectionHandler)
Updated server Lamport clock: 1 -> 3
Updated server Lamport clock: 1 -> 2
Queued GET request with timestamp: 3 (Queue size: 1)
Client connected from: /127.0.0.1:51008 (Thread: ConnectionHandler)
Queued GET request with timestamp: 2 (Queue size: 2)
Processing GET request with Lamport time: 2
Dispatching GET request to GetRequestHandler
Parsed request: GET /weather.json (Thread: ConnectionHandler)
Updated server Lamport clock: 1 -> 4
Retrieved weather data for 38 active stations
Queued GET request with timestamp: 4 (Queue size: 2)
Processing GET with Lamport time 2 - returning 38 stations
Weather data served - Total stations: 38, States: {TEST=37, SA=1}
Server response: HTTP/1.1 200 OK
Updated Lamport clock from server response: 2 -> 3
Processing GET request with Lamport time: 3
Dispatching GET request to GetRequestHandler
Retrieved weather data for 38 active stations
Processing GET with Lamport time 3 - returning 38 stations
Server response: HTTP/1.1 200 OK
Weather data served - Total stations: 38, States: {TEST=37, SA=1}
Updated Lamport clock from server response: 3 -> 4
Processing GET request with Lamport time: 4
Dispatching GET request to GetRequestHandler
Retrieved weather data for 38 active stations
Processing GET with Lamport time 4 - returning 38 stations
Weather data served - Total stations: 38, States: {TEST=37, SA=1}
Server response: HTTP/1.1 200 OK
Updated Lamport clock from server response: 4 -> 5
Connected to server at localhost:51006
Sending GET request (Lamport time: 6)
Client connected from: /127.0.0.1:51011 (Thread: ConnectionHandler)
Parsed request: GET /weather.json (Thread: ConnectionHandler)
Updated server Lamport clock: 6 -> 7
Queued GET request with timestamp: 7 (Queue size: 1)
Processing GET request with Lamport time: 7
Dispatching GET request to GetRequestHandler
Retrieved weather data for 38 active stations
Processing GET with Lamport time 7 - returning 38 stations
Server response: HTTP/1.1 200 OK
Weather data served - Total stations: 38, States: {TEST=37, SA=1}
Updated Lamport clock from server response: 7 -> 8
Connected to server at localhost:51006
Sending GET request (Lamport time: 4)
Client connected from: /127.0.0.1:51012 (Thread: ConnectionHandler)
Parsed request: GET /weather.json (Thread: ConnectionHandler)
Updated server Lamport clock: 4 -> 8
Queued GET request with timestamp: 8 (Queue size: 1)
Processing GET request with Lamport time: 8
Dispatching GET request to GetRequestHandler
Retrieved weather data for 38 active stations
Processing GET with Lamport time 8 - returning 38 stations
Weather data served - Total stations: 38, States: {TEST=37, SA=1}
Server response: HTTP/1.1 200 OK
Updated Lamport clock from server response: 8 -> 9
Connected to server at localhost:51006
Sending GET request (Lamport time: 5)
Client connected from: /127.0.0.1:51013 (Thread: ConnectionHandler)
Parsed request: GET /weather.json (Thread: ConnectionHandler)
Updated server Lamport clock: 5 -> 9
Queued GET request with timestamp: 9 (Queue size: 1)
Processing GET request with Lamport time: 9
Connected to server at localhost:51006
Sending GET request (Lamport time: 9)
Dispatching GET request to GetRequestHandler
Retrieved weather data for 38 active stations
Client connected from: /127.0.0.1:51014 (Thread: ConnectionHandler)
Parsed request: GET /weather.json (Thread: ConnectionHandler)
Updated server Lamport clock: 9 -> 10
Queued GET request with timestamp: 10 (Queue size: 1)
Processing GET with Lamport time 9 - returning 38 stations
Server response: HTTP/1.1 200 OK
Updated Lamport clock from server response: 9 -> 10
Weather data served - Total stations: 38, States: {TEST=37, SA=1}
Processing GET request with Lamport time: 10
Dispatching GET request to GetRequestHandler
Retrieved weather data for 38 active stations
Processing GET with Lamport time 10 - returning 38 stations
Weather data served - Total stations: 38, States: {TEST=37, SA=1}
Server response: HTTP/1.1 200 OK
Updated Lamport clock from server response: 10 -> 11
Connected to server at localhost:51006
Sending GET request (Lamport time: 12)
Connected to server at localhost:51006
Sending GET request (Lamport time: 10)
Client connected from: /127.0.0.1:51015 (Thread: ConnectionHandler)
Client connected from: /127.0.0.1:51016 (Thread: ConnectionHandler)
Parsed request: GET /weather.json (Thread: ConnectionHandler)
Updated server Lamport clock: 12 -> 13
Parsed request: GET /weather.json (Thread: ConnectionHandler)
Updated server Lamport clock: 10 -> 14
Queued GET request with timestamp: 13 (Queue size: 1)
Queued GET request with timestamp: 14 (Queue size: 2)
Processing GET request with Lamport time: 13
Dispatching GET request to GetRequestHandler
Retrieved weather data for 38 active stations
Processing GET with Lamport time 13 - returning 38 stations
Server response: HTTP/1.1 200 OK
Weather data served - Total stations: 38, States: {TEST=37, SA=1}
Updated Lamport clock from server response: 13 -> 14
Processing GET request with Lamport time: 14
Dispatching GET request to GetRequestHandler
Retrieved weather data for 38 active stations
Processing GET with Lamport time 14 - returning 38 stations
Weather data served - Total stations: 38, States: {TEST=37, SA=1}
Server response: HTTP/1.1 200 OK
Updated Lamport clock from server response: 14 -> 15
Connected to server at localhost:51006
Sending GET request (Lamport time: 11)
Client connected from: /127.0.0.1:51017 (Thread: ConnectionHandler)
Parsed request: GET /weather.json (Thread: ConnectionHandler)
Updated server Lamport clock: 11 -> 15
Queued GET request with timestamp: 15 (Queue size: 1)
Processing GET request with Lamport time: 15
Dispatching GET request to GetRequestHandler
Retrieved weather data for 38 active stations
Processing GET with Lamport time 15 - returning 38 stations
Weather data served - Total stations: 38, States: {TEST=37, SA=1}
Server response: HTTP/1.1 200 OK
Updated Lamport clock from server response: 15 -> 16
Connected to server at localhost:51006
Sending GET request (Lamport time: 15)
Client connected from: /127.0.0.1:51018 (Thread: ConnectionHandler)
Parsed request: GET /weather.json (Thread: ConnectionHandler)
Updated server Lamport clock: 15 -> 16
Queued GET request with timestamp: 16 (Queue size: 1)
Processing GET request with Lamport time: 16
Dispatching GET request to GetRequestHandler
Retrieved weather data for 38 active stations
Processing GET with Lamport time 16 - returning 38 stations
Weather data served - Total stations: 38, States: {TEST=37, SA=1}
Server response: HTTP/1.1 200 OK
Updated Lamport clock from server response: 16 -> 17
Connected to server at localhost:51006
Sending GET request (Lamport time: 16)
Client connected from: /127.0.0.1:51019 (Thread: ConnectionHandler)
Parsed request: GET /weather.json (Thread: ConnectionHandler)
Updated server Lamport clock: 16 -> 17
Queued GET request with timestamp: 17 (Queue size: 1)
Processing GET request with Lamport time: 17
Dispatching GET request to GetRequestHandler
Retrieved weather data for 38 active stations
Processing GET with Lamport time 17 - returning 38 stations
Server response: HTTP/1.1 200 OK
Weather data served - Total stations: 38, States: {TEST=37, SA=1}
Updated Lamport clock from server response: 17 -> 18
Client 0 final time: 17
Connected to server at localhost:51006
Sending GET request (Lamport time: 17)
Client connected from: /127.0.0.1:51020 (Thread: ConnectionHandler)
Parsed request: GET /weather.json (Thread: ConnectionHandler)
Updated server Lamport clock: 17 -> 18
Queued GET request with timestamp: 18 (Queue size: 1)
Processing GET request with Lamport time: 18
Dispatching GET request to GetRequestHandler
Retrieved weather data for 38 active stations
Processing GET with Lamport time 18 - returning 38 stations
Server response: HTTP/1.1 200 OK
Weather data served - Total stations: 38, States: {TEST=37, SA=1}
Updated Lamport clock from server response: 18 -> 19
Connected to server at localhost:51006
Sending GET request (Lamport time: 19)
Client connected from: /127.0.0.1:51021 (Thread: ConnectionHandler)
Parsed request: GET /weather.json (Thread: ConnectionHandler)
Updated server Lamport clock: 19 -> 20
Queued GET request with timestamp: 20 (Queue size: 1)
Processing GET request with Lamport time: 20
Dispatching GET request to GetRequestHandler
Retrieved weather data for 38 active stations
Processing GET with Lamport time 20 - returning 38 stations
Server response: HTTP/1.1 200 OK
Weather data served - Total stations: 38, States: {TEST=37, SA=1}
Updated Lamport clock from server response: 20 -> 21
Client 1 final time: 21
Connected to server at localhost:51006
Sending GET request (Lamport time: 20)
Client connected from: /127.0.0.1:51022 (Thread: ConnectionHandler)
Parsed request: GET /weather.json (Thread: ConnectionHandler)
Updated server Lamport clock: 20 -> 21
Queued GET request with timestamp: 21 (Queue size: 1)
Processing GET request with Lamport time: 21
Dispatching GET request to GetRequestHandler
Retrieved weather data for 38 active stations
Processing GET with Lamport time 21 - returning 38 stations
Weather data served - Total stations: 38, States: {TEST=37, SA=1}
Server response: HTTP/1.1 200 OK
Updated Lamport clock from server response: 21 -> 22
Client 2 final time: 22
Max observed time across all clients: 22
Final times: [17, 21, 22]

Shutting down aggregation server...
Data expiry service stopped
Request ordering service stopped
Connection manager shutdown complete
Weather data repository shutdown complete
Retrieved weather data for 38 active stations
Error saving weather data: Task java.util.concurrent.CompletableFuture$AsyncRun@6f95cd51 rejected from java.util.concurrent.ThreadPoolExecutor@c7a977f[Terminated, pool size = 0, active threads = 0, queued tasks = 0, completed tasks = 0]
Server shutdown complete

]]></system-out>
  </testcase>
  <testcase name="testLamportClockConsistencyAcrossRequests" classname="com.weathersystem.integration.LamportClockOrderingTest" time="1.185">
    <system-out><![CDATA[Registered handler for PUT requests: PutRequestHandler
Registered handler for GET requests: GetRequestHandler
Request handlers configured for 2 HTTP methods

=== Aggregation Server Starting ===
Starting on port: 51023
Initial Lamport clock: 0
Connection manager started with 10 threads
Request ordering service started - processing in Lamport timestamp order
Started background cleanup service (checking every 5 seconds)
All services initialized successfully
Loading weather data from persistent storage...
Cleared all weather data (0 stations)
Loaded 38 weather stations from storage
Loaded 38 weather stations from data/weather.json
Server listening on port 51023
Press Ctrl+C to stop the server

Client connected from: /127.0.0.1:51024 (Thread: ConnectionHandler)
Failed to parse HTTP request: Empty request line
Connected to server at localhost:51023
Sending GET request (Lamport time: 1)
Client connected from: /127.0.0.1:51025 (Thread: ConnectionHandler)
Parsed request: GET /weather.json (Thread: ConnectionHandler)
Updated server Lamport clock: 1 -> 2
Queued GET request with timestamp: 2 (Queue size: 1)
Processing GET request with Lamport time: 2
Dispatching GET request to GetRequestHandler
Retrieved weather data for 38 active stations
Processing GET with Lamport time 2 - returning 38 stations
Server response: HTTP/1.1 200 OK
Weather data served - Total stations: 38, States: {TEST=37, SA=1}
Updated Lamport clock from server response: 2 -> 3
Request 0: Client 0 -> 3
Connected to server at localhost:51023
Sending GET request (Lamport time: 4)
Client connected from: /127.0.0.1:51026 (Thread: ConnectionHandler)
Parsed request: GET /weather.json (Thread: ConnectionHandler)
Updated server Lamport clock: 4 -> 5
Queued GET request with timestamp: 5 (Queue size: 1)
Processing GET request with Lamport time: 5
Dispatching GET request to GetRequestHandler
Retrieved weather data for 38 active stations
Processing GET with Lamport time 5 - returning 38 stations
Server response: HTTP/1.1 200 OK
Weather data served - Total stations: 38, States: {TEST=37, SA=1}
Updated Lamport clock from server response: 5 -> 6
Request 1: Client 3 -> 6
Connected to server at localhost:51023
Sending GET request (Lamport time: 7)
Client connected from: /127.0.0.1:51027 (Thread: ConnectionHandler)
Parsed request: GET /weather.json (Thread: ConnectionHandler)
Updated server Lamport clock: 7 -> 8
Queued GET request with timestamp: 8 (Queue size: 1)
Processing GET request with Lamport time: 8
Dispatching GET request to GetRequestHandler
Retrieved weather data for 38 active stations
Processing GET with Lamport time 8 - returning 38 stations
Server response: HTTP/1.1 200 OK
Weather data served - Total stations: 38, States: {TEST=37, SA=1}
Updated Lamport clock from server response: 8 -> 9
Request 2: Client 6 -> 9
Connected to server at localhost:51023
Sending GET request (Lamport time: 10)
Client connected from: /127.0.0.1:51028 (Thread: ConnectionHandler)
Parsed request: GET /weather.json (Thread: ConnectionHandler)
Updated server Lamport clock: 10 -> 11
Queued GET request with timestamp: 11 (Queue size: 1)
Processing GET request with Lamport time: 11
Dispatching GET request to GetRequestHandler
Retrieved weather data for 38 active stations
Processing GET with Lamport time 11 - returning 38 stations
Server response: HTTP/1.1 200 OK
Weather data served - Total stations: 38, States: {TEST=37, SA=1}
Updated Lamport clock from server response: 11 -> 12
Request 3: Client 9 -> 12
Connected to server at localhost:51023
Sending GET request (Lamport time: 13)
Client connected from: /127.0.0.1:51029 (Thread: ConnectionHandler)
Parsed request: GET /weather.json (Thread: ConnectionHandler)
Updated server Lamport clock: 13 -> 14
Queued GET request with timestamp: 14 (Queue size: 1)
Processing GET request with Lamport time: 14
Dispatching GET request to GetRequestHandler
Retrieved weather data for 38 active stations
Processing GET with Lamport time 14 - returning 38 stations
Weather data served - Total stations: 38, States: {TEST=37, SA=1}
Server response: HTTP/1.1 200 OK
Updated Lamport clock from server response: 14 -> 15
Request 4: Client 12 -> 15
Connected to server at localhost:51023
Sending GET request (Lamport time: 16)
Client connected from: /127.0.0.1:51030 (Thread: ConnectionHandler)
Parsed request: GET /weather.json (Thread: ConnectionHandler)
Updated server Lamport clock: 16 -> 17
Queued GET request with timestamp: 17 (Queue size: 1)
Processing GET request with Lamport time: 17
Dispatching GET request to GetRequestHandler
Retrieved weather data for 38 active stations
Processing GET with Lamport time 17 - returning 38 stations
Server response: HTTP/1.1 200 OK
Weather data served - Total stations: 38, States: {TEST=37, SA=1}
Updated Lamport clock from server response: 17 -> 18
Request 5: Client 15 -> 18
Connected to server at localhost:51023
Sending GET request (Lamport time: 19)
Client connected from: /127.0.0.1:51031 (Thread: ConnectionHandler)
Parsed request: GET /weather.json (Thread: ConnectionHandler)
Updated server Lamport clock: 19 -> 20
Queued GET request with timestamp: 20 (Queue size: 1)
Processing GET request with Lamport time: 20
Dispatching GET request to GetRequestHandler
Retrieved weather data for 38 active stations
Processing GET with Lamport time 20 - returning 38 stations
Weather data served - Total stations: 38, States: {TEST=37, SA=1}
Server response: HTTP/1.1 200 OK
Updated Lamport clock from server response: 20 -> 21
Request 6: Client 18 -> 21
Connected to server at localhost:51023
Sending GET request (Lamport time: 22)
Client connected from: /127.0.0.1:51032 (Thread: ConnectionHandler)
Parsed request: GET /weather.json (Thread: ConnectionHandler)
Updated server Lamport clock: 22 -> 23
Queued GET request with timestamp: 23 (Queue size: 1)
Processing GET request with Lamport time: 23
Dispatching GET request to GetRequestHandler
Retrieved weather data for 38 active stations
Processing GET with Lamport time 23 - returning 38 stations
Server response: HTTP/1.1 200 OK
Weather data served - Total stations: 38, States: {TEST=37, SA=1}
Updated Lamport clock from server response: 23 -> 24
Request 7: Client 21 -> 24
Connected to server at localhost:51023
Sending GET request (Lamport time: 25)
Client connected from: /127.0.0.1:51033 (Thread: ConnectionHandler)
Parsed request: GET /weather.json (Thread: ConnectionHandler)
Updated server Lamport clock: 25 -> 26
Queued GET request with timestamp: 26 (Queue size: 1)
Processing GET request with Lamport time: 26
Dispatching GET request to GetRequestHandler
Retrieved weather data for 38 active stations
Processing GET with Lamport time 26 - returning 38 stations
Weather data served - Total stations: 38, States: {TEST=37, SA=1}
Server response: HTTP/1.1 200 OK
Updated Lamport clock from server response: 26 -> 27
Request 8: Client 24 -> 27
Connected to server at localhost:51023
Sending GET request (Lamport time: 28)
Client connected from: /127.0.0.1:51034 (Thread: ConnectionHandler)
Parsed request: GET /weather.json (Thread: ConnectionHandler)
Updated server Lamport clock: 28 -> 29
Queued GET request with timestamp: 29 (Queue size: 1)
Processing GET request with Lamport time: 29
Dispatching GET request to GetRequestHandler
Retrieved weather data for 38 active stations
Processing GET with Lamport time 29 - returning 38 stations
Server response: HTTP/1.1 200 OK
Weather data served - Total stations: 38, States: {TEST=37, SA=1}
Updated Lamport clock from server response: 29 -> 30
Request 9: Client 27 -> 30
Final client Lamport time: 30

Shutting down aggregation server...
Data expiry service stopped
Request ordering service stopped
Connection manager shutdown complete
Weather data repository shutdown complete
Retrieved weather data for 38 active stations
Error saving weather data: Task java.util.concurrent.CompletableFuture$AsyncRun@21ae6e73 rejected from java.util.concurrent.ThreadPoolExecutor@47dd778[Terminated, pool size = 0, active threads = 0, queued tasks = 0, completed tasks = 0]
Server shutdown complete

]]></system-out>
  </testcase>
  <testcase name="testLamportClockResetBehavior" classname="com.weathersystem.integration.LamportClockOrderingTest" time="0.118">
    <system-out><![CDATA[Registered handler for PUT requests: PutRequestHandler
Registered handler for GET requests: GetRequestHandler
Request handlers configured for 2 HTTP methods

=== Aggregation Server Starting ===
Starting on port: 51035
Initial Lamport clock: 0
Connection manager started with 10 threads
Request ordering service started - processing in Lamport timestamp order
Started background cleanup service (checking every 5 seconds)
All services initialized successfully
Loading weather data from persistent storage...
Cleared all weather data (0 stations)
Loaded 38 weather stations from storage
Loaded 38 weather stations from data/weather.json
Server listening on port 51035
Press Ctrl+C to stop the server

Client connected from: /127.0.0.1:51036 (Thread: ConnectionHandler)
Failed to parse HTTP request: Empty request line
Connected to server at localhost:51035
Sending GET request (Lamport time: 1)
Client connected from: /127.0.0.1:51037 (Thread: ConnectionHandler)
Parsed request: GET /weather.json (Thread: ConnectionHandler)
Updated server Lamport clock: 1 -> 2
Queued GET request with timestamp: 2 (Queue size: 1)
Processing GET request with Lamport time: 2
Dispatching GET request to GetRequestHandler
Retrieved weather data for 38 active stations
Processing GET with Lamport time 2 - returning 38 stations
Server response: HTTP/1.1 200 OK
Weather data served - Total stations: 38, States: {TEST=37, SA=1}
Updated Lamport clock from server response: 2 -> 3
New client 0 times: 0 -> 3
Connected to server at localhost:51035
Sending GET request (Lamport time: 1)
Client connected from: /127.0.0.1:51038 (Thread: ConnectionHandler)
Parsed request: GET /weather.json (Thread: ConnectionHandler)
Updated server Lamport clock: 1 -> 3
Queued GET request with timestamp: 3 (Queue size: 1)
Processing GET request with Lamport time: 3
Dispatching GET request to GetRequestHandler
Retrieved weather data for 38 active stations
Processing GET with Lamport time 3 - returning 38 stations
Weather data served - Total stations: 38, States: {TEST=37, SA=1}
Server response: HTTP/1.1 200 OK
Updated Lamport clock from server response: 3 -> 4
New client 1 times: 0 -> 4
Connected to server at localhost:51035
Sending GET request (Lamport time: 1)
Client connected from: /127.0.0.1:51039 (Thread: ConnectionHandler)
Parsed request: GET /weather.json (Thread: ConnectionHandler)
Updated server Lamport clock: 1 -> 4
Queued GET request with timestamp: 4 (Queue size: 1)
Processing GET request with Lamport time: 4
Dispatching GET request to GetRequestHandler
Retrieved weather data for 38 active stations
Processing GET with Lamport time 4 - returning 38 stations
Weather data served - Total stations: 38, States: {TEST=37, SA=1}
Server response: HTTP/1.1 200 OK
Updated Lamport clock from server response: 4 -> 5
New client 2 times: 0 -> 5
Connected to server at localhost:51035
Sending GET request (Lamport time: 1)
Client connected from: /127.0.0.1:51040 (Thread: ConnectionHandler)
Parsed request: GET /weather.json (Thread: ConnectionHandler)
Updated server Lamport clock: 1 -> 5
Queued GET request with timestamp: 5 (Queue size: 1)
Processing GET request with Lamport time: 5
Dispatching GET request to GetRequestHandler
Retrieved weather data for 38 active stations
Processing GET with Lamport time 5 - returning 38 stations
Weather data served - Total stations: 38, States: {TEST=37, SA=1}
Server response: HTTP/1.1 200 OK
Updated Lamport clock from server response: 5 -> 6
New client 3 times: 0 -> 6
Connected to server at localhost:51035
Sending GET request (Lamport time: 1)
Client connected from: /127.0.0.1:51041 (Thread: ConnectionHandler)
Parsed request: GET /weather.json (Thread: ConnectionHandler)
Updated server Lamport clock: 1 -> 6
Queued GET request with timestamp: 6 (Queue size: 1)
Processing GET request with Lamport time: 6
Dispatching GET request to GetRequestHandler
Retrieved weather data for 38 active stations
Processing GET with Lamport time 6 - returning 38 stations
Weather data served - Total stations: 38, States: {TEST=37, SA=1}
Server response: HTTP/1.1 200 OK
Updated Lamport clock from server response: 6 -> 7
New client 4 times: 0 -> 7

Shutting down aggregation server...
Data expiry service stopped
Request ordering service stopped
Connection manager shutdown complete
Weather data repository shutdown complete
Retrieved weather data for 38 active stations
Error saving weather data: Task java.util.concurrent.CompletableFuture$AsyncRun@36a7abe1 rejected from java.util.concurrent.ThreadPoolExecutor@64a896b0[Terminated, pool size = 0, active threads = 0, queued tasks = 0, completed tasks = 0]
Server shutdown complete

]]></system-out>
  </testcase>
  <testcase name="testConcurrentOperationsLamportOrdering" classname="com.weathersystem.integration.LamportClockOrderingTest" time="0.44">
    <failure message="All Lamport times should be positive ==&gt; expected: &lt;true&gt; but was: &lt;false&gt;" type="org.opentest4j.AssertionFailedError"><![CDATA[org.opentest4j.AssertionFailedError: All Lamport times should be positive ==> expected: <true> but was: <false>
	at org.junit.jupiter.api.AssertionFailureBuilder.build(AssertionFailureBuilder.java:151)
	at org.junit.jupiter.api.AssertionFailureBuilder.buildAndThrow(AssertionFailureBuilder.java:132)
	at org.junit.jupiter.api.AssertTrue.failNotTrue(AssertTrue.java:63)
	at org.junit.jupiter.api.AssertTrue.assertTrue(AssertTrue.java:36)
	at org.junit.jupiter.api.Assertions.assertTrue(Assertions.java:211)
	at com.weathersystem.integration.LamportClockOrderingTest.testConcurrentOperationsLamportOrdering(LamportClockOrderingTest.java:199)
	at java.base/jdk.internal.reflect.NativeMethodAccessorImpl.invoke0(Native Method)
	at java.base/jdk.internal.reflect.NativeMethodAccessorImpl.invoke(NativeMethodAccessorImpl.java:77)
	at java.base/jdk.internal.reflect.DelegatingMethodAccessorImpl.invoke(DelegatingMethodAccessorImpl.java:43)
	at java.base/java.lang.reflect.Method.invoke(Method.java:568)
	at org.junit.platform.commons.util.ReflectionUtils.invokeMethod(ReflectionUtils.java:727)
	at org.junit.jupiter.engine.execution.MethodInvocation.proceed(MethodInvocation.java:60)
	at org.junit.jupiter.engine.execution.InvocationInterceptorChain$ValidatingInvocation.proceed(InvocationInterceptorChain.java:131)
	at org.junit.jupiter.engine.extension.TimeoutExtension.intercept(TimeoutExtension.java:156)
	at org.junit.jupiter.engine.extension.TimeoutExtension.interceptTestableMethod(TimeoutExtension.java:147)
	at org.junit.jupiter.engine.extension.TimeoutExtension.interceptTestMethod(TimeoutExtension.java:86)
	at org.junit.jupiter.engine.execution.InterceptingExecutableInvoker$ReflectiveInterceptorCall.lambda$ofVoidMethod$0(InterceptingExecutableInvoker.java:103)
	at org.junit.jupiter.engine.execution.InterceptingExecutableInvoker.lambda$invoke$0(InterceptingExecutableInvoker.java:93)
	at org.junit.jupiter.engine.execution.InvocationInterceptorChain$InterceptedInvocation.proceed(InvocationInterceptorChain.java:106)
	at org.junit.jupiter.engine.execution.InvocationInterceptorChain.proceed(InvocationInterceptorChain.java:64)
	at org.junit.jupiter.engine.execution.InvocationInterceptorChain.chainAndInvoke(InvocationInterceptorChain.java:45)
	at org.junit.jupiter.engine.execution.InvocationInterceptorChain.invoke(InvocationInterceptorChain.java:37)
	at org.junit.jupiter.engine.execution.InterceptingExecutableInvoker.invoke(InterceptingExecutableInvoker.java:92)
	at org.junit.jupiter.engine.execution.InterceptingExecutableInvoker.invoke(InterceptingExecutableInvoker.java:86)
	at org.junit.jupiter.engine.descriptor.TestMethodTestDescriptor.lambda$invokeTestMethod$7(TestMethodTestDescriptor.java:217)
	at org.junit.platform.engine.support.hierarchical.ThrowableCollector.execute(ThrowableCollector.java:73)
	at org.junit.jupiter.engine.descriptor.TestMethodTestDescriptor.invokeTestMethod(TestMethodTestDescriptor.java:213)
	at org.junit.jupiter.engine.descriptor.TestMethodTestDescriptor.execute(TestMethodTestDescriptor.java:138)
	at org.junit.jupiter.engine.descriptor.TestMethodTestDescriptor.execute(TestMethodTestDescriptor.java:68)
	at org.junit.platform.engine.support.hierarchical.NodeTestTask.lambda$executeRecursively$6(NodeTestTask.java:151)
	at org.junit.platform.engine.support.hierarchical.ThrowableCollector.execute(ThrowableCollector.java:73)
	at org.junit.platform.engine.support.hierarchical.NodeTestTask.lambda$executeRecursively$8(NodeTestTask.java:141)
	at org.junit.platform.engine.support.hierarchical.Node.around(Node.java:137)
	at org.junit.platform.engine.support.hierarchical.NodeTestTask.lambda$executeRecursively$9(NodeTestTask.java:139)
	at org.junit.platform.engine.support.hierarchical.ThrowableCollector.execute(ThrowableCollector.java:73)
	at org.junit.platform.engine.support.hierarchical.NodeTestTask.executeRecursively(NodeTestTask.java:138)
	at org.junit.platform.engine.support.hierarchical.NodeTestTask.execute(NodeTestTask.java:95)
	at java.base/java.util.ArrayList.forEach(ArrayList.java:1511)
	at org.junit.platform.engine.support.hierarchical.SameThreadHierarchicalTestExecutorService.invokeAll(SameThreadHierarchicalTestExecutorService.java:41)
	at org.junit.platform.engine.support.hierarchical.NodeTestTask.lambda$executeRecursively$6(NodeTestTask.java:155)
	at org.junit.platform.engine.support.hierarchical.ThrowableCollector.execute(ThrowableCollector.java:73)
	at org.junit.platform.engine.support.hierarchical.NodeTestTask.lambda$executeRecursively$8(NodeTestTask.java:141)
	at org.junit.platform.engine.support.hierarchical.Node.around(Node.java:137)
	at org.junit.platform.engine.support.hierarchical.NodeTestTask.lambda$executeRecursively$9(NodeTestTask.java:139)
	at org.junit.platform.engine.support.hierarchical.ThrowableCollector.execute(ThrowableCollector.java:73)
	at org.junit.platform.engine.support.hierarchical.NodeTestTask.executeRecursively(NodeTestTask.java:138)
	at org.junit.platform.engine.support.hierarchical.NodeTestTask.execute(NodeTestTask.java:95)
	at java.base/java.util.ArrayList.forEach(ArrayList.java:1511)
	at org.junit.platform.engine.support.hierarchical.SameThreadHierarchicalTestExecutorService.invokeAll(SameThreadHierarchicalTestExecutorService.java:41)
	at org.junit.platform.engine.support.hierarchical.NodeTestTask.lambda$executeRecursively$6(NodeTestTask.java:155)
	at org.junit.platform.engine.support.hierarchical.ThrowableCollector.execute(ThrowableCollector.java:73)
	at org.junit.platform.engine.support.hierarchical.NodeTestTask.lambda$executeRecursively$8(NodeTestTask.java:141)
	at org.junit.platform.engine.support.hierarchical.Node.around(Node.java:137)
	at org.junit.platform.engine.support.hierarchical.NodeTestTask.lambda$executeRecursively$9(NodeTestTask.java:139)
	at org.junit.platform.engine.support.hierarchical.ThrowableCollector.execute(ThrowableCollector.java:73)
	at org.junit.platform.engine.support.hierarchical.NodeTestTask.executeRecursively(NodeTestTask.java:138)
	at org.junit.platform.engine.support.hierarchical.NodeTestTask.execute(NodeTestTask.java:95)
	at org.junit.platform.engine.support.hierarchical.SameThreadHierarchicalTestExecutorService.submit(SameThreadHierarchicalTestExecutorService.java:35)
	at org.junit.platform.engine.support.hierarchical.HierarchicalTestExecutor.execute(HierarchicalTestExecutor.java:57)
	at org.junit.platform.engine.support.hierarchical.HierarchicalTestEngine.execute(HierarchicalTestEngine.java:54)
	at org.junit.platform.launcher.core.EngineExecutionOrchestrator.execute(EngineExecutionOrchestrator.java:147)
	at org.junit.platform.launcher.core.EngineExecutionOrchestrator.execute(EngineExecutionOrchestrator.java:127)
	at org.junit.platform.launcher.core.EngineExecutionOrchestrator.execute(EngineExecutionOrchestrator.java:90)
	at org.junit.platform.launcher.core.EngineExecutionOrchestrator.lambda$execute$0(EngineExecutionOrchestrator.java:55)
	at org.junit.platform.launcher.core.EngineExecutionOrchestrator.withInterceptedStreams(EngineExecutionOrchestrator.java:102)
	at org.junit.platform.launcher.core.EngineExecutionOrchestrator.execute(EngineExecutionOrchestrator.java:54)
	at org.junit.platform.launcher.core.DefaultLauncher.execute(DefaultLauncher.java:114)
	at org.junit.platform.launcher.core.DefaultLauncher.execute(DefaultLauncher.java:86)
	at org.junit.platform.launcher.core.DefaultLauncherSession$DelegatingLauncher.execute(DefaultLauncherSession.java:86)
	at org.apache.maven.surefire.junitplatform.LazyLauncher.execute(LazyLauncher.java:55)
	at org.apache.maven.surefire.junitplatform.JUnitPlatformProvider.execute(JUnitPlatformProvider.java:223)
	at org.apache.maven.surefire.junitplatform.JUnitPlatformProvider.invokeAllTests(JUnitPlatformProvider.java:175)
	at org.apache.maven.surefire.junitplatform.JUnitPlatformProvider.invoke(JUnitPlatformProvider.java:139)
	at org.apache.maven.surefire.booter.ForkedBooter.runSuitesInProcess(ForkedBooter.java:456)
	at org.apache.maven.surefire.booter.ForkedBooter.execute(ForkedBooter.java:169)
	at org.apache.maven.surefire.booter.ForkedBooter.run(ForkedBooter.java:595)
	at org.apache.maven.surefire.booter.ForkedBooter.main(ForkedBooter.java:581)
]]></failure>
    <system-out><![CDATA[Registered handler for PUT requests: PutRequestHandler
Registered handler for GET requests: GetRequestHandler
Request handlers configured for 2 HTTP methods

=== Aggregation Server Starting ===
Starting on port: 51042
Initial Lamport clock: 0
Connection manager started with 10 threads
Request ordering service started - processing in Lamport timestamp order
Started background cleanup service (checking every 5 seconds)
All services initialized successfully
Loading weather data from persistent storage...
Cleared all weather data (0 stations)
Loaded 38 weather stations from storage
Loaded 38 weather stations from data/weather.json
Server listening on port 51042
Press Ctrl+C to stop the server

Client connected from: /127.0.0.1:51043 (Thread: ConnectionHandler)
Failed to parse HTTP request: Empty request line

Processing weather file (Lamport time: 1)

Processing weather file (Lamport time: 1)

Processing weather file (Lamport time: 1)

Processing weather file (Lamport time: 1)

Processing weather file (Lamport time: 1)
Uploading weather data for station: CONCURRENT3
Uploading weather data for station: CONCURRENT1
Uploading weather data for station: CONCURRENT2
Uploading weather data for station: CONCURRENT4
Uploading weather data for station: CONCURRENT0
Connected to server at localhost:51042
Connected to server at localhost:51042
Sending PUT request (Lamport time: 2)
Connected to server at localhost:51042
Sending PUT request (Lamport time: 2)
Sending PUT request (Lamport time: 2)
Connected to server at localhost:51042
Sending PUT request (Lamport time: 2)
Connected to server at localhost:51042
Sending PUT request (Lamport time: 2)
Client connected from: /127.0.0.1:51045 (Thread: ConnectionHandler)
Parsed request: PUT /weather.json (Thread: ConnectionHandler)
Client connected from: /127.0.0.1:51046 (Thread: ConnectionHandler)
Updated server Lamport clock: 2 -> 3
Queued PUT request with timestamp: 3 (Queue size: 1)
Parsed request: PUT /weather.json (Thread: ConnectionHandler)
Updated server Lamport clock: 2 -> 4
Processing PUT request with Lamport time: 3
Queued PUT request with timestamp: 4 (Queue size: 1)
Dispatching PUT request to PutRequestHandler
Client connected from: /127.0.0.1:51044 (Thread: ConnectionHandler)
Parsed request: PUT /weather.json (Thread: ConnectionHandler)
Updated server Lamport clock: 2 -> 5
Client connected from: /127.0.0.1:51047 (Thread: ConnectionHandler)
Stored weather data for station: CONCURRENT3 (new station)
Queued PUT request with timestamp: 5 (Queue size: 2)
Processing PUT with Lamport time 3 for station: CONCURRENT3 (new)
Parsed request: PUT /weather.json (Thread: ConnectionHandler)
Updated server Lamport clock: 2 -> 6
Queued PUT request with timestamp: 6 (Queue size: 3)
Client connected from: /127.0.0.1:51048 (Thread: ConnectionHandler)
Retrieved weather data for 39 active stations
Parsed request: PUT /weather.json (Thread: ConnectionHandler)
Updated server Lamport clock: 2 -> 7
Queued PUT request with timestamp: 7 (Queue size: 4)
Processing PUT request with Lamport time: 4
Server response: HTTP/1.1 201 Created
Dispatching PUT request to PutRequestHandler
Updated Lamport clock from server response: 3 -> 4
New weather station registered
Server accepted weather data with status: 201 Created
Stored weather data for station: CONCURRENT4 (new station)
Processing PUT with Lamport time 4 for station: CONCURRENT4 (new)

Weather data published successfully

Retrieved weather data for 40 active stations
Processing PUT request with Lamport time: 5
Dispatching PUT request to PutRequestHandler
Server response: HTTP/1.1 201 Created
Updated Lamport clock from server response: 4 -> 5
New weather station registered
Stored weather data for station: CONCURRENT0 (new station)
Server accepted weather data with status: 201 Created
Processing PUT with Lamport time 5 for station: CONCURRENT0 (new)
Retrieved weather data for 41 active stations

Weather data published successfully

Processing PUT request with Lamport time: 6
Dispatching PUT request to PutRequestHandler
Server response: HTTP/1.1 201 Created
Updated Lamport clock from server response: 5 -> 6
New weather station registered
Stored weather data for station: CONCURRENT2 (new station)
Server accepted weather data with status: 201 Created
Processing PUT with Lamport time 6 for station: CONCURRENT2 (new)
Retrieved weather data for 42 active stations

Weather data published successfully

Processing PUT request with Lamport time: 7
Server response: HTTP/1.1 201 Created
Dispatching PUT request to PutRequestHandler
Updated Lamport clock from server response: 6 -> 7
New weather station registered
Stored weather data for station: CONCURRENT1 (new station)
Server accepted weather data with status: 201 Created
Processing PUT with Lamport time 7 for station: CONCURRENT1 (new)
Retrieved weather data for 43 active stations

Weather data published successfully

Server response: HTTP/1.1 201 Created
Updated Lamport clock from server response: 7 -> 8
New weather station registered
Server accepted weather data with status: 201 Created

Weather data published successfully

Weather data saved to persistent storage (39 stations)
Async save completed successfully
Weather data saved to persistent storage (40 stations)
Async save completed successfully
Weather data saved to persistent storage (41 stations)
Async save completed successfully
Weather data saved to persistent storage (42 stations)
Async save completed successfully
Weather data saved to persistent storage (43 stations)
Async save completed successfully
Connected to server at localhost:51042
Sending GET request (Lamport time: 1)
Connected to server at localhost:51042
Sending GET request (Lamport time: 1)
Connected to server at localhost:51042
Sending GET request (Lamport time: 1)
Connected to server at localhost:51042
Connected to server at localhost:51042
Sending GET request (Lamport time: 1)
Sending GET request (Lamport time: 1)
Client connected from: /127.0.0.1:51050 (Thread: ConnectionHandler)
Parsed request: GET /weather.json (Thread: ConnectionHandler)
Client connected from: /127.0.0.1:51049 (Thread: ConnectionHandler)
Updated server Lamport clock: 1 -> 8
Queued GET request with timestamp: 8 (Queue size: 1)
Processing GET request with Lamport time: 8
Dispatching GET request to GetRequestHandler
Parsed request: GET /weather.json (Thread: ConnectionHandler)
Updated server Lamport clock: 1 -> 9
Queued GET request with timestamp: 9 (Queue size: 1)
Client connected from: /127.0.0.1:51051 (Thread: ConnectionHandler)
Retrieved weather data for 43 active stations
Parsed request: GET /weather.json (Thread: ConnectionHandler)
Updated server Lamport clock: 1 -> 10
Queued GET request with timestamp: 10 (Queue size: 2)
Client connected from: /127.0.0.1:51053 (Thread: ConnectionHandler)
Client connected from: /127.0.0.1:51052 (Thread: ConnectionHandler)
Parsed request: GET /weather.json (Thread: ConnectionHandler)
Updated server Lamport clock: 1 -> 11
Parsed request: GET /weather.json (Thread: ConnectionHandler)
Updated server Lamport clock: 1 -> 12
Queued GET request with timestamp: 11 (Queue size: 3)
Queued GET request with timestamp: 12 (Queue size: 4)
Processing GET with Lamport time 8 - returning 43 stations
Server response: HTTP/1.1 200 OK
Updated Lamport clock from server response: 8 -> 9
Weather data served - Total stations: 43, States: {TEST=42, SA=1}
Processing GET request with Lamport time: 9
Dispatching GET request to GetRequestHandler
Retrieved weather data for 43 active stations
Processing GET with Lamport time 9 - returning 43 stations
Server response: HTTP/1.1 200 OK
Weather data served - Total stations: 43, States: {TEST=42, SA=1}
Updated Lamport clock from server response: 9 -> 10
Processing GET request with Lamport time: 10
Dispatching GET request to GetRequestHandler
Retrieved weather data for 43 active stations
Processing GET with Lamport time 10 - returning 43 stations
Server response: HTTP/1.1 200 OK
Weather data served - Total stations: 43, States: {TEST=42, SA=1}
Updated Lamport clock from server response: 10 -> 11
Processing GET request with Lamport time: 11
Dispatching GET request to GetRequestHandler
Retrieved weather data for 43 active stations
Processing GET with Lamport time 11 - returning 43 stations
Weather data served - Total stations: 43, States: {TEST=42, SA=1}
Processing GET request with Lamport time: 12
Dispatching GET request to GetRequestHandler
Retrieved weather data for 43 active stations
Server response: HTTP/1.1 200 OK
Updated Lamport clock from server response: 11 -> 12
Processing GET with Lamport time 12 - returning 43 stations
Server response: HTTP/1.1 200 OK
Updated Lamport clock from server response: 12 -> 13
Weather data served - Total stations: 43, States: {TEST=42, SA=1}

Processing weather file (Lamport time: 6)

Processing weather file (Lamport time: 9)

Processing weather file (Lamport time: 7)

Processing weather file (Lamport time: 5)
Uploading weather data for station: CONCURRENT7
Uploading weather data for station: CONCURRENT6
Uploading weather data for station: CONCURRENT5
Uploading weather data for station: CONCURRENT8
Connected to server at localhost:51042
Connected to server at localhost:51042
Sending PUT request (Lamport time: 8)
Sending PUT request (Lamport time: 7)
Connected to server at localhost:51042
Connected to server at localhost:51042
Sending PUT request (Lamport time: 10)
Sending PUT request (Lamport time: 6)
Client connected from: /127.0.0.1:51057 (Thread: ConnectionHandler)
Client connected from: /127.0.0.1:51055 (Thread: ConnectionHandler)
Parsed request: PUT /weather.json (Thread: ConnectionHandler)
Updated server Lamport clock: 6 -> 13
Queued PUT request with timestamp: 13 (Queue size: 1)
Client connected from: /127.0.0.1:51056 (Thread: ConnectionHandler)

Processing weather file (Lamport time: 8)
Parsed request: PUT /weather.json (Thread: ConnectionHandler)
Updated server Lamport clock: 7 -> 14
Parsed request: PUT /weather.json (Thread: ConnectionHandler)
Updated server Lamport clock: 10 -> 15
Queued PUT request with timestamp: 14 (Queue size: 2)
Client connected from: /127.0.0.1:51054 (Thread: ConnectionHandler)
Parsed request: PUT /weather.json (Thread: ConnectionHandler)
Updated server Lamport clock: 8 -> 16
Queued PUT request with timestamp: 16 (Queue size: 3)
Processing PUT request with Lamport time: 13
Dispatching PUT request to PutRequestHandler
Uploading weather data for station: CONCURRENT9
Queued PUT request with timestamp: 15 (Queue size: 3)
Stored weather data for station: CONCURRENT8 (new station)
Processing PUT with Lamport time 13 for station: CONCURRENT8 (new)
Retrieved weather data for 44 active stations
Processing PUT request with Lamport time: 14
Dispatching PUT request to PutRequestHandler
Stored weather data for station: CONCURRENT7 (new station)
Processing PUT with Lamport time 14 for station: CONCURRENT7 (new)
Retrieved weather data for 45 active stations
Server response: HTTP/1.1 201 Created
Updated Lamport clock from server response: 13 -> 14
New weather station registered
Server accepted weather data with status: 201 Created
Processing PUT request with Lamport time: 15
Dispatching PUT request to PutRequestHandler
Stored weather data for station: CONCURRENT6 (new station)
Processing PUT with Lamport time 15 for station: CONCURRENT6 (new)

Weather data published successfully

Retrieved weather data for 46 active stations
Connected to server at localhost:51042
Processing PUT request with Lamport time: 16
Sending PUT request (Lamport time: 9)
Dispatching PUT request to PutRequestHandler
Stored weather data for station: CONCURRENT5 (new station)
Processing PUT with Lamport time 16 for station: CONCURRENT5 (new)
Retrieved weather data for 47 active stations
Server response: HTTP/1.1 201 Created
Updated Lamport clock from server response: 14 -> 15
New weather station registered
Server accepted weather data with status: 201 Created
Server response: HTTP/1.1 201 Created
Updated Lamport clock from server response: 15 -> 16

Weather data published successfully

New weather station registered
Server accepted weather data with status: 201 Created

Weather data published successfully

Server response: HTTP/1.1 201 Created
Updated Lamport clock from server response: 16 -> 17
New weather station registered
Server accepted weather data with status: 201 Created
Client connected from: /127.0.0.1:51058 (Thread: ConnectionHandler)

Weather data published successfully

Parsed request: PUT /weather.json (Thread: ConnectionHandler)
Updated server Lamport clock: 9 -> 17
Queued PUT request with timestamp: 17 (Queue size: 1)
Processing PUT request with Lamport time: 17
Dispatching PUT request to PutRequestHandler
Stored weather data for station: CONCURRENT9 (new station)
Processing PUT with Lamport time 17 for station: CONCURRENT9 (new)
Retrieved weather data for 48 active stations
Server response: HTTP/1.1 201 Created
Updated Lamport clock from server response: 17 -> 18
New weather station registered
Server accepted weather data with status: 201 Created

Weather data published successfully

Weather data saved to persistent storage (44 stations)
Async save completed successfully
Weather data saved to persistent storage (45 stations)
Async save completed successfully
Weather data saved to persistent storage (46 stations)
Async save completed successfully
Weather data saved to persistent storage (47 stations)
Async save completed successfully
Weather data saved to persistent storage (48 stations)
Async save completed successfully
Collected 15 Lamport times from concurrent operations

Shutting down aggregation server...
Data expiry service stopped
Request ordering service stopped
Connection manager shutdown complete
Weather data repository shutdown complete
Retrieved weather data for 48 active stations
Error saving weather data: Task java.util.concurrent.CompletableFuture$AsyncRun@5bdaf2ce rejected from java.util.concurrent.ThreadPoolExecutor@42d236fb[Terminated, pool size = 0, active threads = 0, queued tasks = 0, completed tasks = 10]
Server shutdown complete

]]></system-out>
  </testcase>
  <testcase name="testLamportClockUpdateBetweenClientAndServer" classname="com.weathersystem.integration.LamportClockOrderingTest" time="0.108">
    <system-out><![CDATA[Registered handler for PUT requests: PutRequestHandler
Registered handler for GET requests: GetRequestHandler
Request handlers configured for 2 HTTP methods

=== Aggregation Server Starting ===
Starting on port: 51059
Initial Lamport clock: 0
Connection manager started with 10 threads
Request ordering service started - processing in Lamport timestamp order
Started background cleanup service (checking every 5 seconds)
All services initialized successfully
Loading weather data from persistent storage...
Cleared all weather data (0 stations)
Loaded 48 weather stations from storage
Loaded 48 weather stations from data/weather.json
Server listening on port 51059
Press Ctrl+C to stop the server

Client connected from: /127.0.0.1:51060 (Thread: ConnectionHandler)
Failed to parse HTTP request: Empty request line
Connected to server at localhost:51059
Sending GET request (Lamport time: 1)
Client connected from: /127.0.0.1:51061 (Thread: ConnectionHandler)
Parsed request: GET /weather.json (Thread: ConnectionHandler)
Updated server Lamport clock: 1 -> 2
Queued GET request with timestamp: 2 (Queue size: 1)
Processing GET request with Lamport time: 2
Dispatching GET request to GetRequestHandler
Retrieved weather data for 48 active stations
Processing GET with Lamport time 2 - returning 48 stations
Weather data served - Total stations: 48, States: {TEST=47, SA=1}
Server response: HTTP/1.1 200 OK
Updated Lamport clock from server response: 2 -> 3
Client Lamport time: 0 -> 3

Shutting down aggregation server...
Data expiry service stopped
Request ordering service stopped
Connection manager shutdown complete
Weather data repository shutdown complete
Retrieved weather data for 48 active stations
Error saving weather data: Task java.util.concurrent.CompletableFuture$AsyncRun@1ad926d3 rejected from java.util.concurrent.ThreadPoolExecutor@3a43d133[Terminated, pool size = 0, active threads = 0, queued tasks = 0, completed tasks = 0]
Server shutdown complete

]]></system-out>
  </testcase>
  <testcase name="testLamportClockOrderingWithMultipleOperations" classname="com.weathersystem.integration.LamportClockOrderingTest" time="0.107">
    <failure message="Lamport time should increase with each operation ==&gt; expected: &lt;true&gt; but was: &lt;false&gt;" type="org.opentest4j.AssertionFailedError"><![CDATA[org.opentest4j.AssertionFailedError: Lamport time should increase with each operation ==> expected: <true> but was: <false>
	at org.junit.jupiter.api.AssertionFailureBuilder.build(AssertionFailureBuilder.java:151)
	at org.junit.jupiter.api.AssertionFailureBuilder.buildAndThrow(AssertionFailureBuilder.java:132)
	at org.junit.jupiter.api.AssertTrue.failNotTrue(AssertTrue.java:63)
	at org.junit.jupiter.api.AssertTrue.assertTrue(AssertTrue.java:36)
	at org.junit.jupiter.api.Assertions.assertTrue(Assertions.java:211)
	at com.weathersystem.integration.LamportClockOrderingTest.testLamportClockOrderingWithMultipleOperations(LamportClockOrderingTest.java:126)
	at java.base/jdk.internal.reflect.NativeMethodAccessorImpl.invoke0(Native Method)
	at java.base/jdk.internal.reflect.NativeMethodAccessorImpl.invoke(NativeMethodAccessorImpl.java:77)
	at java.base/jdk.internal.reflect.DelegatingMethodAccessorImpl.invoke(DelegatingMethodAccessorImpl.java:43)
	at java.base/java.lang.reflect.Method.invoke(Method.java:568)
	at org.junit.platform.commons.util.ReflectionUtils.invokeMethod(ReflectionUtils.java:727)
	at org.junit.jupiter.engine.execution.MethodInvocation.proceed(MethodInvocation.java:60)
	at org.junit.jupiter.engine.execution.InvocationInterceptorChain$ValidatingInvocation.proceed(InvocationInterceptorChain.java:131)
	at org.junit.jupiter.engine.extension.TimeoutExtension.intercept(TimeoutExtension.java:156)
	at org.junit.jupiter.engine.extension.TimeoutExtension.interceptTestableMethod(TimeoutExtension.java:147)
	at org.junit.jupiter.engine.extension.TimeoutExtension.interceptTestMethod(TimeoutExtension.java:86)
	at org.junit.jupiter.engine.execution.InterceptingExecutableInvoker$ReflectiveInterceptorCall.lambda$ofVoidMethod$0(InterceptingExecutableInvoker.java:103)
	at org.junit.jupiter.engine.execution.InterceptingExecutableInvoker.lambda$invoke$0(InterceptingExecutableInvoker.java:93)
	at org.junit.jupiter.engine.execution.InvocationInterceptorChain$InterceptedInvocation.proceed(InvocationInterceptorChain.java:106)
	at org.junit.jupiter.engine.execution.InvocationInterceptorChain.proceed(InvocationInterceptorChain.java:64)
	at org.junit.jupiter.engine.execution.InvocationInterceptorChain.chainAndInvoke(InvocationInterceptorChain.java:45)
	at org.junit.jupiter.engine.execution.InvocationInterceptorChain.invoke(InvocationInterceptorChain.java:37)
	at org.junit.jupiter.engine.execution.InterceptingExecutableInvoker.invoke(InterceptingExecutableInvoker.java:92)
	at org.junit.jupiter.engine.execution.InterceptingExecutableInvoker.invoke(InterceptingExecutableInvoker.java:86)
	at org.junit.jupiter.engine.descriptor.TestMethodTestDescriptor.lambda$invokeTestMethod$7(TestMethodTestDescriptor.java:217)
	at org.junit.platform.engine.support.hierarchical.ThrowableCollector.execute(ThrowableCollector.java:73)
	at org.junit.jupiter.engine.descriptor.TestMethodTestDescriptor.invokeTestMethod(TestMethodTestDescriptor.java:213)
	at org.junit.jupiter.engine.descriptor.TestMethodTestDescriptor.execute(TestMethodTestDescriptor.java:138)
	at org.junit.jupiter.engine.descriptor.TestMethodTestDescriptor.execute(TestMethodTestDescriptor.java:68)
	at org.junit.platform.engine.support.hierarchical.NodeTestTask.lambda$executeRecursively$6(NodeTestTask.java:151)
	at org.junit.platform.engine.support.hierarchical.ThrowableCollector.execute(ThrowableCollector.java:73)
	at org.junit.platform.engine.support.hierarchical.NodeTestTask.lambda$executeRecursively$8(NodeTestTask.java:141)
	at org.junit.platform.engine.support.hierarchical.Node.around(Node.java:137)
	at org.junit.platform.engine.support.hierarchical.NodeTestTask.lambda$executeRecursively$9(NodeTestTask.java:139)
	at org.junit.platform.engine.support.hierarchical.ThrowableCollector.execute(ThrowableCollector.java:73)
	at org.junit.platform.engine.support.hierarchical.NodeTestTask.executeRecursively(NodeTestTask.java:138)
	at org.junit.platform.engine.support.hierarchical.NodeTestTask.execute(NodeTestTask.java:95)
	at java.base/java.util.ArrayList.forEach(ArrayList.java:1511)
	at org.junit.platform.engine.support.hierarchical.SameThreadHierarchicalTestExecutorService.invokeAll(SameThreadHierarchicalTestExecutorService.java:41)
	at org.junit.platform.engine.support.hierarchical.NodeTestTask.lambda$executeRecursively$6(NodeTestTask.java:155)
	at org.junit.platform.engine.support.hierarchical.ThrowableCollector.execute(ThrowableCollector.java:73)
	at org.junit.platform.engine.support.hierarchical.NodeTestTask.lambda$executeRecursively$8(NodeTestTask.java:141)
	at org.junit.platform.engine.support.hierarchical.Node.around(Node.java:137)
	at org.junit.platform.engine.support.hierarchical.NodeTestTask.lambda$executeRecursively$9(NodeTestTask.java:139)
	at org.junit.platform.engine.support.hierarchical.ThrowableCollector.execute(ThrowableCollector.java:73)
	at org.junit.platform.engine.support.hierarchical.NodeTestTask.executeRecursively(NodeTestTask.java:138)
	at org.junit.platform.engine.support.hierarchical.NodeTestTask.execute(NodeTestTask.java:95)
	at java.base/java.util.ArrayList.forEach(ArrayList.java:1511)
	at org.junit.platform.engine.support.hierarchical.SameThreadHierarchicalTestExecutorService.invokeAll(SameThreadHierarchicalTestExecutorService.java:41)
	at org.junit.platform.engine.support.hierarchical.NodeTestTask.lambda$executeRecursively$6(NodeTestTask.java:155)
	at org.junit.platform.engine.support.hierarchical.ThrowableCollector.execute(ThrowableCollector.java:73)
	at org.junit.platform.engine.support.hierarchical.NodeTestTask.lambda$executeRecursively$8(NodeTestTask.java:141)
	at org.junit.platform.engine.support.hierarchical.Node.around(Node.java:137)
	at org.junit.platform.engine.support.hierarchical.NodeTestTask.lambda$executeRecursively$9(NodeTestTask.java:139)
	at org.junit.platform.engine.support.hierarchical.ThrowableCollector.execute(ThrowableCollector.java:73)
	at org.junit.platform.engine.support.hierarchical.NodeTestTask.executeRecursively(NodeTestTask.java:138)
	at org.junit.platform.engine.support.hierarchical.NodeTestTask.execute(NodeTestTask.java:95)
	at org.junit.platform.engine.support.hierarchical.SameThreadHierarchicalTestExecutorService.submit(SameThreadHierarchicalTestExecutorService.java:35)
	at org.junit.platform.engine.support.hierarchical.HierarchicalTestExecutor.execute(HierarchicalTestExecutor.java:57)
	at org.junit.platform.engine.support.hierarchical.HierarchicalTestEngine.execute(HierarchicalTestEngine.java:54)
	at org.junit.platform.launcher.core.EngineExecutionOrchestrator.execute(EngineExecutionOrchestrator.java:147)
	at org.junit.platform.launcher.core.EngineExecutionOrchestrator.execute(EngineExecutionOrchestrator.java:127)
	at org.junit.platform.launcher.core.EngineExecutionOrchestrator.execute(EngineExecutionOrchestrator.java:90)
	at org.junit.platform.launcher.core.EngineExecutionOrchestrator.lambda$execute$0(EngineExecutionOrchestrator.java:55)
	at org.junit.platform.launcher.core.EngineExecutionOrchestrator.withInterceptedStreams(EngineExecutionOrchestrator.java:102)
	at org.junit.platform.launcher.core.EngineExecutionOrchestrator.execute(EngineExecutionOrchestrator.java:54)
	at org.junit.platform.launcher.core.DefaultLauncher.execute(DefaultLauncher.java:114)
	at org.junit.platform.launcher.core.DefaultLauncher.execute(DefaultLauncher.java:86)
	at org.junit.platform.launcher.core.DefaultLauncherSession$DelegatingLauncher.execute(DefaultLauncherSession.java:86)
	at org.apache.maven.surefire.junitplatform.LazyLauncher.execute(LazyLauncher.java:55)
	at org.apache.maven.surefire.junitplatform.JUnitPlatformProvider.execute(JUnitPlatformProvider.java:223)
	at org.apache.maven.surefire.junitplatform.JUnitPlatformProvider.invokeAllTests(JUnitPlatformProvider.java:175)
	at org.apache.maven.surefire.junitplatform.JUnitPlatformProvider.invoke(JUnitPlatformProvider.java:139)
	at org.apache.maven.surefire.booter.ForkedBooter.runSuitesInProcess(ForkedBooter.java:456)
	at org.apache.maven.surefire.booter.ForkedBooter.execute(ForkedBooter.java:169)
	at org.apache.maven.surefire.booter.ForkedBooter.run(ForkedBooter.java:595)
	at org.apache.maven.surefire.booter.ForkedBooter.main(ForkedBooter.java:581)
]]></failure>
    <system-out><![CDATA[Registered handler for PUT requests: PutRequestHandler
Registered handler for GET requests: GetRequestHandler
Request handlers configured for 2 HTTP methods

=== Aggregation Server Starting ===
Starting on port: 51062
Initial Lamport clock: 0
Connection manager started with 10 threads
Request ordering service started - processing in Lamport timestamp order
Started background cleanup service (checking every 5 seconds)
All services initialized successfully
Loading weather data from persistent storage...
Cleared all weather data (0 stations)
Loaded 48 weather stations from storage
Loaded 48 weather stations from data/weather.json
Server listening on port 51062
Press Ctrl+C to stop the server

Client connected from: /127.0.0.1:51063 (Thread: ConnectionHandler)
Failed to parse HTTP request: Empty request line

Processing weather file (Lamport time: 1)
Uploading weather data for station: ORDER0
Connected to server at localhost:51062
Sending PUT request (Lamport time: 2)
Client connected from: /127.0.0.1:51064 (Thread: ConnectionHandler)
Parsed request: PUT /weather.json (Thread: ConnectionHandler)
Updated server Lamport clock: 2 -> 3
Queued PUT request with timestamp: 3 (Queue size: 1)
Processing PUT request with Lamport time: 3
Dispatching PUT request to PutRequestHandler
Stored weather data for station: ORDER0 (new station)
Processing PUT with Lamport time 3 for station: ORDER0 (new)
Retrieved weather data for 49 active stations
Server response: HTTP/1.1 201 Created
Updated Lamport clock from server response: 3 -> 4
New weather station registered
Server accepted weather data with status: 201 Created

Weather data published successfully


Shutting down aggregation server...
Data expiry service stopped
Request ordering service stopped
Connection manager shutdown complete
Weather data repository shutdown complete
Retrieved weather data for 49 active stations
Error saving weather data: Task java.util.concurrent.CompletableFuture$AsyncRun@5f2afe62 rejected from java.util.concurrent.ThreadPoolExecutor@c96a4ea[Shutting down, pool size = 1, active threads = 1, queued tasks = 0, completed tasks = 0]
Server shutdown complete

Weather data saved to persistent storage (49 stations)
Async save completed successfully
]]></system-out>
  </testcase>
</testsuite>