<?xml version="1.0" encoding="UTF-8"?>
<testsuite xmlns:xsi="http://www.w3.org/2001/XMLSchema-instance" xsi:noNamespaceSchemaLocation="https://maven.apache.org/surefire/maven-surefire-plugin/xsd/surefire-test-report-3.0.xsd" version="3.0" name="com.weathersystem.integration.MultiClientCoordinationTest" time="0.629" tests="5" errors="0" skipped="0" failures="0">
  <properties>
[...]
</properties>
  <testcase name="testServerStabilityWithMultipleClients" classname="com.weathersystem.integration.MultiClientCoordinationTest" time="0.155">
    <system-out><![CDATA[Registered handler for PUT requests: PutRequestHandler
Registered handler for GET requests: GetRequestHandler
Request handlers configured for 2 HTTP methods

=== Aggregation Server Starting ===
Starting on port: 59397
Initial Lamport clock: 0
Connection manager started with 10 threads
Request ordering service started - processing in Lamport timestamp order
Started background cleanup service (checking every 5 seconds)
All services initialized successfully
Loading weather data from persistent storage...
No valid data files found, starting with empty database
Loaded 0 weather stations from data/weather.json
Server listening on port 59397
Press Ctrl+C to stop the server

Client connected from: /127.0.0.1:59398
Failed to parse HTTP request: Empty request line
Testing server stability with multiple clients...
Client connected from: /127.0.0.1:59399
Failed to parse HTTP request: Empty request line
Client connected from: /127.0.0.1:59400
Failed to parse HTTP request: Empty request line
Client connected from: /127.0.0.1:59401
Failed to parse HTTP request: Empty request line
Client connected from: /127.0.0.1:59402
Failed to parse HTTP request: Empty request line
Client connected from: /127.0.0.1:59403
Failed to parse HTTP request: Empty request line
Client connected from: /127.0.0.1:59404
Failed to parse HTTP request: Empty request line
✓ Server stability with multiple clients test passed
Client connected from: /127.0.0.1:59405
Failed to parse HTTP request: Empty request line
Client connected from: /127.0.0.1:59406
Client connected from: /127.0.0.1:59407
Failed to parse HTTP request: Empty request line
Failed to parse HTTP request: Empty request line

Shutting down aggregation server...
Data expiry service stopped
Processing all queued requests in Lamport timestamp order
Request ordering service processing loop ended
Request ordering service stopped
Connection manager shutdown complete
Weather data repository shutdown complete
Retrieved weather data for 0 active stations
Error saving weather data: Task java.util.concurrent.CompletableFuture$AsyncRun@75699e35 rejected from java.util.concurrent.ThreadPoolExecutor@107e5441[Terminated, pool size = 0, active threads = 0, queued tasks = 0, completed tasks = 0]
Server shutdown complete

]]></system-out>
  </testcase>
  <testcase name="testConcurrentClientOperations" classname="com.weathersystem.integration.MultiClientCoordinationTest" time="0.114">
    <system-out><![CDATA[Registered handler for PUT requests: PutRequestHandler
Registered handler for GET requests: GetRequestHandler
Request handlers configured for 2 HTTP methods

=== Aggregation Server Starting ===
Starting on port: 59408
Initial Lamport clock: 0
Connection manager started with 10 threads
Request ordering service started - processing in Lamport timestamp order
Started background cleanup service (checking every 5 seconds)
All services initialized successfully
Loading weather data from persistent storage...
No valid data files found, starting with empty database
Loaded 0 weather stations from data/weather.json
Server listening on port 59408
Press Ctrl+C to stop the server

Client connected from: /127.0.0.1:59409
Failed to parse HTTP request: Empty request line
Testing concurrent client operations...
Client connected from: /127.0.0.1:59410
✓ Concurrent client operations test passed
Client connected from: /127.0.0.1:59411
Failed to parse HTTP request: Empty request line
Failed to parse HTTP request: Empty request line
Client connected from: /127.0.0.1:59414
Client connected from: /127.0.0.1:59412
Client connected from: /127.0.0.1:59413
Failed to parse HTTP request: Empty request line

Shutting down aggregation server...
Failed to parse HTTP request: Empty request line
Failed to parse HTTP request: Empty request line
Client connected from: /127.0.0.1:59415
Failed to parse HTTP request: Empty request line
Data expiry service stopped
Processing all queued requests in Lamport timestamp order
Request ordering service processing loop ended
Request ordering service stopped
Connection manager shutdown complete
Weather data repository shutdown complete
Retrieved weather data for 0 active stations
Error saving weather data: Task java.util.concurrent.CompletableFuture$AsyncRun@38f2e97e rejected from java.util.concurrent.ThreadPoolExecutor@779dfe55[Terminated, pool size = 0, active threads = 0, queued tasks = 0, completed tasks = 0]
Server shutdown complete

]]></system-out>
  </testcase>
  <testcase name="testFileOperationsForMultiClient" classname="com.weathersystem.integration.MultiClientCoordinationTest" time="0.124">
    <system-out><![CDATA[Registered handler for PUT requests: PutRequestHandler
Registered handler for GET requests: GetRequestHandler
Request handlers configured for 2 HTTP methods

=== Aggregation Server Starting ===
Starting on port: 59420
Initial Lamport clock: 0
Connection manager started with 10 threads
Request ordering service started - processing in Lamport timestamp order
Started background cleanup service (checking every 5 seconds)
All services initialized successfully
Loading weather data from persistent storage...
No valid data files found, starting with empty database
Loaded 0 weather stations from data/weather.json
Server listening on port 59420
Press Ctrl+C to stop the server

Client connected from: /127.0.0.1:59421
Failed to parse HTTP request: Empty request line
Testing file operations for multi-client...
✓ File operations for multi-client test passed

Shutting down aggregation server...
Data expiry service stopped
Processing all queued requests in Lamport timestamp order
Request ordering service processing loop ended
Request ordering service stopped
Connection manager shutdown complete
Weather data repository shutdown complete
Retrieved weather data for 0 active stations
Error saving weather data: Task java.util.concurrent.CompletableFuture$AsyncRun@78c7f9b3 rejected from java.util.concurrent.ThreadPoolExecutor@6f8d7714[Terminated, pool size = 0, active threads = 0, queued tasks = 0, completed tasks = 0]
Server shutdown complete

]]></system-out>
  </testcase>
  <testcase name="testServerStartupWithMultiClientSupport" classname="com.weathersystem.integration.MultiClientCoordinationTest" time="0.113">
    <system-out><![CDATA[Registered handler for PUT requests: PutRequestHandler
Registered handler for GET requests: GetRequestHandler
Request handlers configured for 2 HTTP methods

=== Aggregation Server Starting ===
Starting on port: 59422
Initial Lamport clock: 0
Connection manager started with 10 threads
Request ordering service started - processing in Lamport timestamp order
Started background cleanup service (checking every 5 seconds)
All services initialized successfully
Loading weather data from persistent storage...
No valid data files found, starting with empty database
Loaded 0 weather stations from data/weather.json
Server listening on port 59422
Press Ctrl+C to stop the server

Client connected from: /127.0.0.1:59423
Failed to parse HTTP request: Empty request line
Testing server startup with multi-client support...
Client connected from: /127.0.0.1:59424
Failed to parse HTTP request: Empty request line
✓ Server startup with multi-client support test passed

Shutting down aggregation server...
Client connected from: /127.0.0.1:59425
Failed to parse HTTP request: Empty request line
Data expiry service stopped
Processing all queued requests in Lamport timestamp order
Request ordering service processing loop ended
Request ordering service stopped
Connection manager shutdown complete
Weather data repository shutdown complete
Retrieved weather data for 0 active stations
Error saving weather data: Task java.util.concurrent.CompletableFuture$AsyncRun@aa21042 rejected from java.util.concurrent.ThreadPoolExecutor@e93f3d5[Terminated, pool size = 0, active threads = 0, queued tasks = 0, completed tasks = 0]
Server shutdown complete

]]></system-out>
  </testcase>
  <testcase name="testMultipleClientConnections" classname="com.weathersystem.integration.MultiClientCoordinationTest" time="0.11">
    <system-out><![CDATA[Registered handler for PUT requests: PutRequestHandler
Registered handler for GET requests: GetRequestHandler
Request handlers configured for 2 HTTP methods

=== Aggregation Server Starting ===
Starting on port: 59426
Initial Lamport clock: 0
Connection manager started with 10 threads
Request ordering service started - processing in Lamport timestamp order
Started background cleanup service (checking every 5 seconds)
All services initialized successfully
Loading weather data from persistent storage...
No valid data files found, starting with empty database
Loaded 0 weather stations from data/weather.json
Server listening on port 59426
Press Ctrl+C to stop the server

Client connected from: /127.0.0.1:59427
Failed to parse HTTP request: Empty request line
Testing multiple client connections...
✓ Multiple client connections test passed
Client connected from: /127.0.0.1:59428

Shutting down aggregation server...
Failed to parse HTTP request: Empty request line
Client connected from: /127.0.0.1:59430
Client connected from: /127.0.0.1:59429
Data expiry service stopped
Failed to parse HTTP request: Empty request line
Failed to parse HTTP request: Empty request line
Processing all queued requests in Lamport timestamp order
Request ordering service processing loop ended
Request ordering service stopped
Connection manager shutdown complete
Weather data repository shutdown complete
Retrieved weather data for 0 active stations
Error saving weather data: Task java.util.concurrent.CompletableFuture$AsyncRun@601cbd8c rejected from java.util.concurrent.ThreadPoolExecutor@7180e701[Terminated, pool size = 0, active threads = 0, queued tasks = 0, completed tasks = 0]
Server shutdown complete

]]></system-out>
  </testcase>
</testsuite>