<?xml version="1.0" encoding="UTF-8"?>
<testsuite xmlns:xsi="http://www.w3.org/2001/XMLSchema-instance" xsi:noNamespaceSchemaLocation="https://maven.apache.org/surefire/maven-surefire-plugin/xsd/surefire-test-report-3.0.xsd" version="3.0" name="com.weathersystem.integration.ExpiryMechanismTest" time="1.98" tests="4" errors="0" skipped="0" failures="0">
  <properties>
[...]
</properties>
  <testcase name="testServerStabilityWithExpiryService" classname="com.weathersystem.integration.ExpiryMechanismTest" time="0.114">
    <system-out><![CDATA[Registered handler for PUT requests: PutRequestHandler
Registered handler for GET requests: GetRequestHandler
Request handlers configured for 2 HTTP methods

=== Aggregation Server Starting ===
Starting on port: 59491
Initial Lamport clock: 0
Connection manager started with 10 threads
Request ordering service started - processing in Lamport timestamp order
Started background cleanup service (checking every 5 seconds)
All services initialized successfully
Loading weather data from persistent storage...
No valid data files found, starting with empty database
Loaded 0 weather stations from data/weather.json
Server listening on port 59491
Press Ctrl+C to stop the server

Client connected from: /127.0.0.1:59493
Failed to parse HTTP request: Empty request line
Testing server stability with expiry service...
Client connected from: /127.0.0.1:59494
Failed to parse HTTP request: Empty request line
Client connected from: /127.0.0.1:59495
Failed to parse HTTP request: Empty request line
Client connected from: /127.0.0.1:59496
Failed to parse HTTP request: Empty request line
Client connected from: /127.0.0.1:59497
Failed to parse HTTP request: Empty request line
Client connected from: /127.0.0.1:59498
Failed to parse HTTP request: Empty request line
Client connected from: /127.0.0.1:59499
Failed to parse HTTP request: Empty request line
Client connected from: /127.0.0.1:59500
✓ Server stability with expiry service test passed
Failed to parse HTTP request: Empty request line
Client connected from: /127.0.0.1:59501

Shutting down aggregation server...
Client connected from: /127.0.0.1:59502
Failed to parse HTTP request: Empty request line
Failed to parse HTTP request: Empty request line
Data expiry service stopped
Processing all queued requests in Lamport timestamp order
Request ordering service processing loop ended
Request ordering service stopped
Connection manager shutdown complete
Weather data repository shutdown complete
Retrieved weather data for 0 active stations
Error saving weather data: Task java.util.concurrent.CompletableFuture$AsyncRun@a619c2 rejected from java.util.concurrent.ThreadPoolExecutor@648ee871[Terminated, pool size = 0, active threads = 0, queued tasks = 0, completed tasks = 0]
Server shutdown complete

]]></system-out>
  </testcase>
  <testcase name="testFileOperationsForExpiry" classname="com.weathersystem.integration.ExpiryMechanismTest" time="0.115">
    <system-out><![CDATA[Registered handler for PUT requests: PutRequestHandler
Registered handler for GET requests: GetRequestHandler
Request handlers configured for 2 HTTP methods

=== Aggregation Server Starting ===
Starting on port: 59503
Initial Lamport clock: 0
Connection manager started with 10 threads
Request ordering service started - processing in Lamport timestamp order
Started background cleanup service (checking every 5 seconds)
All services initialized successfully
Loading weather data from persistent storage...
No valid data files found, starting with empty database
Loaded 0 weather stations from data/weather.json
Server listening on port 59503
Press Ctrl+C to stop the server

Client connected from: /127.0.0.1:59504
Failed to parse HTTP request: Empty request line
Testing file operations for expiry...
✓ File operations for expiry test passed

Shutting down aggregation server...
Data expiry service stopped
Processing all queued requests in Lamport timestamp order
Request ordering service processing loop ended
Request ordering service stopped
Connection manager shutdown complete
Weather data repository shutdown complete
Retrieved weather data for 0 active stations
Error saving weather data: Task java.util.concurrent.CompletableFuture$AsyncRun@1813f3e9 rejected from java.util.concurrent.ThreadPoolExecutor@28cb9120[Terminated, pool size = 0, active threads = 0, queued tasks = 0, completed tasks = 0]
Server shutdown complete

]]></system-out>
  </testcase>
  <testcase name="testServerStartupWithExpiryService" classname="com.weathersystem.integration.ExpiryMechanismTest" time="0.119">
    <system-out><![CDATA[Registered handler for PUT requests: PutRequestHandler
Registered handler for GET requests: GetRequestHandler
Request handlers configured for 2 HTTP methods

=== Aggregation Server Starting ===
Starting on port: 59505
Initial Lamport clock: 0
Connection manager started with 10 threads
Request ordering service started - processing in Lamport timestamp order
Started background cleanup service (checking every 5 seconds)
All services initialized successfully
Loading weather data from persistent storage...
No valid data files found, starting with empty database
Loaded 0 weather stations from data/weather.json
Server listening on port 59505
Press Ctrl+C to stop the server

Client connected from: /127.0.0.1:59506
Failed to parse HTTP request: Empty request line
Testing server startup with expiry service...
Client connected from: /127.0.0.1:59507
Failed to parse HTTP request: Empty request line
✓ Server startup with expiry service test passed
Client connected from: /127.0.0.1:59508

Shutting down aggregation server...
Failed to parse HTTP request: Empty request line
Data expiry service stopped
Processing all queued requests in Lamport timestamp order
Request ordering service processing loop ended
Request ordering service stopped
Connection manager shutdown complete
Weather data repository shutdown complete
Retrieved weather data for 0 active stations
Error saving weather data: Task java.util.concurrent.CompletableFuture$AsyncRun@5173200b rejected from java.util.concurrent.ThreadPoolExecutor@25c5e994[Terminated, pool size = 0, active threads = 0, queued tasks = 0, completed tasks = 0]
Server shutdown complete

]]></system-out>
  </testcase>
  <testcase name="testExpiryServiceBackgroundOperation" classname="com.weathersystem.integration.ExpiryMechanismTest" time="1.63">
    <system-out><![CDATA[Registered handler for PUT requests: PutRequestHandler
Registered handler for GET requests: GetRequestHandler
Request handlers configured for 2 HTTP methods

=== Aggregation Server Starting ===
Starting on port: 59509
Initial Lamport clock: 0
Connection manager started with 10 threads
Request ordering service started - processing in Lamport timestamp order
Started background cleanup service (checking every 5 seconds)
All services initialized successfully
Loading weather data from persistent storage...
No valid data files found, starting with empty database
Loaded 0 weather stations from data/weather.json
Server listening on port 59509
Press Ctrl+C to stop the server

Client connected from: /127.0.0.1:59510
Failed to parse HTTP request: Empty request line
Testing expiry service background operation...
Client connected from: /127.0.0.1:59511
Failed to parse HTTP request: Empty request line
Client connected from: /127.0.0.1:59512
Failed to parse HTTP request: Empty request line
Client connected from: /127.0.0.1:59513
Failed to parse HTTP request: Empty request line
Client connected from: /127.0.0.1:59514
Failed to parse HTTP request: Empty request line
✓ Expiry service background operation test passed

Shutting down aggregation server...
Data expiry service stopped
Processing all queued requests in Lamport timestamp order
Request ordering service processing loop ended
Request ordering service stopped
Connection manager shutdown complete
Weather data repository shutdown complete
Retrieved weather data for 0 active stations
Error saving weather data: Task java.util.concurrent.CompletableFuture$AsyncRun@69b2f8e5 rejected from java.util.concurrent.ThreadPoolExecutor@6331250e[Terminated, pool size = 0, active threads = 0, queued tasks = 0, completed tasks = 0]
Server shutdown complete

]]></system-out>
  </testcase>
</testsuite>