<?xml version="1.0" encoding="UTF-8"?>
<testsuite xmlns:xsi="http://www.w3.org/2001/XMLSchema-instance" xsi:noNamespaceSchemaLocation="https://maven.apache.org/surefire/maven-surefire-plugin/xsd/surefire-test-report-3.0.xsd" version="3.0" name="com.weathersystem.server.services.WeatherDataServiceTest" time="0.026" tests="4" errors="0" skipped="0" failures="0">
  <properties>
[...]
</properties>
  <testcase name="testBasicStorageAndRetrieval" classname="com.weathersystem.server.services.WeatherDataServiceTest" time="0">
    <system-out><![CDATA[Testing basic storage and retrieval functionality...
Stored weather data for station: NEW001 (new station)
Retrieved weather data for 1 active stations
Stored weather data for station: NEW001 (updated existing)
Retrieved weather data for 1 active stations
Stored weather data for station: MULTI001 (new station)
Stored weather data for station: MULTI002 (new station)
Stored weather data for station: MULTI003 (new station)
Retrieved weather data for 4 active stations
✓ Basic storage and retrieval test passed
]]></system-out>
  </testcase>
  <testcase name="testDataIntegrityAndEdgeCases" classname="com.weathersystem.server.services.WeatherDataServiceTest" time="0.001">
    <system-out><![CDATA[Testing data integrity and edge cases...
Stored weather data for station: SPECIAL001 (new station)
Retrieved weather data for 1 active stations
Stored weather data for station: PRECISION001 (new station)
Retrieved weather data for 2 active stations
Stored weather data for station: ZERO001 (new station)
Retrieved weather data for 3 active stations
Stored weather data for station: NEGATIVE001 (new station)
Retrieved weather data for 4 active stations
Stored weather data for station: LARGE001 (new station)
Retrieved weather data for 5 active stations
Stored weather data for station: EMPTY001 (new station)
Retrieved weather data for 6 active stations
Stored weather data for station: SPECIAL001 (updated existing)
Retrieved weather data for 6 active stations
✓ Data integrity and edge cases test passed
]]></system-out>
  </testcase>
  <testcase name="testConcurrentOperations" classname="com.weathersystem.server.services.WeatherDataServiceTest" time="0.023">
    <system-out><![CDATA[Testing concurrent operations...
Stored weather data for station: CONCURRENT8_0 (new station)
Stored weather data for station: CONCURRENT7_0 (new station)
Stored weather data for station: CONCURRENT7_1 (new station)
Stored weather data for station: CONCURRENT7_2 (new station)
Stored weather data for station: CONCURRENT9_0 (new station)
Stored weather data for station: CONCURRENT3_0 (new station)
Stored weather data for station: CONCURRENT3_1 (new station)
Stored weather data for station: CONCURRENT3_2 (new station)
Stored weather data for station: CONCURRENT3_3 (new station)
Stored weather data for station: CONCURRENT5_0 (new station)
Stored weather data for station: CONCURRENT5_1 (new station)
Stored weather data for station: CONCURRENT5_2 (new station)
Stored weather data for station: CONCURRENT5_3 (new station)
Stored weather data for station: CONCURRENT5_4 (new station)
Stored weather data for station: CONCURRENT4_0 (new station)
Stored weather data for station: CONCURRENT4_1 (new station)
Stored weather data for station: CONCURRENT4_2 (new station)
Stored weather data for station: CONCURRENT4_3 (new station)
Stored weather data for station: CONCURRENT4_4 (new station)
Stored weather data for station: CONCURRENT1_0 (new station)
Stored weather data for station: CONCURRENT1_1 (new station)
Stored weather data for station: CONCURRENT2_0 (new station)
Stored weather data for station: CONCURRENT2_1 (new station)
Stored weather data for station: CONCURRENT2_2 (new station)
Stored weather data for station: CONCURRENT2_3 (new station)
Stored weather data for station: CONCURRENT6_0 (new station)
Stored weather data for station: CONCURRENT6_1 (new station)
Stored weather data for station: CONCURRENT0_0 (new station)
Stored weather data for station: CONCURRENT0_1 (new station)
Stored weather data for station: CONCURRENT0_2 (new station)
Stored weather data for station: CONCURRENT0_3 (new station)
Stored weather data for station: CONCURRENT8_1 (new station)
Stored weather data for station: CONCURRENT8_2 (new station)
Stored weather data for station: CONCURRENT8_3 (new station)
Stored weather data for station: CONCURRENT8_4 (new station)
Stored weather data for station: CONCURRENT7_3 (new station)
Stored weather data for station: CONCURRENT7_4 (new station)
Stored weather data for station: CONCURRENT7_5 (new station)
Stored weather data for station: CONCURRENT7_6 (new station)
Stored weather data for station: CONCURRENT9_1 (new station)
Stored weather data for station: CONCURRENT9_2 (new station)
Stored weather data for station: CONCURRENT3_4 (new station)
Stored weather data for station: CONCURRENT3_5 (new station)
Stored weather data for station: CONCURRENT5_5 (new station)
Stored weather data for station: CONCURRENT5_6 (new station)
Stored weather data for station: CONCURRENT5_7 (new station)
Stored weather data for station: CONCURRENT4_5 (new station)
Stored weather data for station: CONCURRENT4_6 (new station)
Stored weather data for station: CONCURRENT4_7 (new station)
Stored weather data for station: CONCURRENT1_2 (new station)
Stored weather data for station: CONCURRENT1_3 (new station)
Stored weather data for station: CONCURRENT1_4 (new station)
Stored weather data for station: CONCURRENT2_4 (new station)
Stored weather data for station: CONCURRENT2_5 (new station)
Stored weather data for station: CONCURRENT2_6 (new station)
Stored weather data for station: CONCURRENT2_7 (new station)
Stored weather data for station: CONCURRENT6_2 (new station)
Stored weather data for station: CONCURRENT6_3 (new station)
Stored weather data for station: CONCURRENT6_4 (new station)
Stored weather data for station: CONCURRENT6_5 (new station)
Stored weather data for station: CONCURRENT0_4 (new station)
Stored weather data for station: CONCURRENT0_5 (new station)
Stored weather data for station: CONCURRENT0_6 (new station)
Stored weather data for station: CONCURRENT0_7 (new station)
Stored weather data for station: CONCURRENT0_8 (new station)
Stored weather data for station: CONCURRENT8_5 (new station)
Stored weather data for station: CONCURRENT7_7 (new station)
Stored weather data for station: CONCURRENT7_8 (new station)
Stored weather data for station: CONCURRENT7_9 (new station)
Stored weather data for station: CONCURRENT7_10 (new station)
Stored weather data for station: CONCURRENT7_11 (new station)
Stored weather data for station: CONCURRENT7_12 (new station)
Stored weather data for station: CONCURRENT9_3 (new station)
Stored weather data for station: CONCURRENT9_4 (new station)
Stored weather data for station: CONCURRENT9_5 (new station)
Stored weather data for station: CONCURRENT3_6 (new station)
Stored weather data for station: CONCURRENT3_7 (new station)
Stored weather data for station: CONCURRENT3_8 (new station)
Stored weather data for station: CONCURRENT3_9 (new station)
Stored weather data for station: CONCURRENT3_10 (new station)
Stored weather data for station: CONCURRENT3_11 (new station)
Stored weather data for station: CONCURRENT5_8 (new station)
Stored weather data for station: CONCURRENT4_8 (new station)
Stored weather data for station: CONCURRENT5_9 (new station)
Stored weather data for station: CONCURRENT5_10 (new station)
Stored weather data for station: CONCURRENT5_11 (new station)
Stored weather data for station: CONCURRENT1_5 (new station)
Stored weather data for station: CONCURRENT1_6 (new station)
Stored weather data for station: CONCURRENT2_8 (new station)
Stored weather data for station: CONCURRENT6_6 (new station)
Stored weather data for station: CONCURRENT6_7 (new station)
Stored weather data for station: CONCURRENT6_8 (new station)
Stored weather data for station: CONCURRENT6_9 (new station)
Stored weather data for station: CONCURRENT0_9 (new station)
Stored weather data for station: CONCURRENT0_10 (new station)
Stored weather data for station: CONCURRENT0_11 (new station)
Stored weather data for station: CONCURRENT8_6 (new station)
Stored weather data for station: CONCURRENT8_7 (new station)
Stored weather data for station: CONCURRENT8_8 (new station)
Stored weather data for station: CONCURRENT8_9 (new station)
Stored weather data for station: CONCURRENT8_10 (new station)
Stored weather data for station: CONCURRENT7_13 (new station)
Stored weather data for station: CONCURRENT7_14 (new station)
Stored weather data for station: CONCURRENT7_15 (new station)
Stored weather data for station: CONCURRENT7_16 (new station)
Stored weather data for station: CONCURRENT9_6 (new station)
Stored weather data for station: CONCURRENT3_12 (new station)
Stored weather data for station: CONCURRENT3_13 (new station)
Stored weather data for station: CONCURRENT3_14 (new station)
Stored weather data for station: CONCURRENT3_15 (new station)
Stored weather data for station: CONCURRENT4_9 (new station)
Stored weather data for station: CONCURRENT4_10 (new station)
Stored weather data for station: CONCURRENT7_17 (new station)
Stored weather data for station: CONCURRENT5_12 (new station)
Stored weather data for station: CONCURRENT5_13 (new station)
Stored weather data for station: CONCURRENT5_14 (new station)
Stored weather data for station: CONCURRENT5_15 (new station)
Stored weather data for station: CONCURRENT5_16 (new station)
Stored weather data for station: CONCURRENT1_7 (new station)
Stored weather data for station: CONCURRENT2_9 (new station)
Stored weather data for station: CONCURRENT2_10 (new station)
Stored weather data for station: CONCURRENT6_10 (new station)
Stored weather data for station: CONCURRENT6_11 (new station)
Stored weather data for station: CONCURRENT6_12 (new station)
Stored weather data for station: CONCURRENT6_13 (new station)
Stored weather data for station: CONCURRENT6_14 (new station)
Stored weather data for station: CONCURRENT0_12 (new station)
Stored weather data for station: CONCURRENT0_13 (new station)
Stored weather data for station: CONCURRENT0_14 (new station)
Stored weather data for station: CONCURRENT0_15 (new station)
Stored weather data for station: CONCURRENT0_16 (new station)
Stored weather data for station: CONCURRENT8_11 (new station)
Stored weather data for station: CONCURRENT8_12 (new station)
Stored weather data for station: CONCURRENT8_13 (new station)
Stored weather data for station: CONCURRENT8_14 (new station)
Stored weather data for station: CONCURRENT8_15 (new station)
Stored weather data for station: CONCURRENT8_16 (new station)
Stored weather data for station: CONCURRENT3_16 (new station)
Stored weather data for station: CONCURRENT3_17 (new station)
Stored weather data for station: CONCURRENT3_18 (new station)
Stored weather data for station: CONCURRENT3_19 (new station)
Stored weather data for station: CONCURRENT3_20 (new station)
Stored weather data for station: CONCURRENT9_7 (new station)
Stored weather data for station: CONCURRENT4_11 (new station)
Stored weather data for station: CONCURRENT4_12 (new station)
Stored weather data for station: CONCURRENT7_18 (new station)
Stored weather data for station: CONCURRENT7_19 (new station)
Stored weather data for station: CONCURRENT7_20 (new station)
Stored weather data for station: CONCURRENT7_21 (new station)
Stored weather data for station: CONCURRENT5_17 (new station)
Stored weather data for station: CONCURRENT5_18 (new station)
Stored weather data for station: CONCURRENT1_8 (new station)
Stored weather data for station: CONCURRENT1_9 (new station)
Stored weather data for station: CONCURRENT1_10 (new station)
Stored weather data for station: CONCURRENT1_11 (new station)
Stored weather data for station: CONCURRENT1_12 (new station)
Stored weather data for station: CONCURRENT2_11 (new station)
Stored weather data for station: CONCURRENT6_15 (new station)
Stored weather data for station: CONCURRENT6_16 (new station)
Stored weather data for station: CONCURRENT6_17 (new station)
Stored weather data for station: CONCURRENT6_18 (new station)
Stored weather data for station: CONCURRENT6_19 (new station)
Stored weather data for station: CONCURRENT0_17 (new station)
Stored weather data for station: CONCURRENT0_18 (new station)
Stored weather data for station: CONCURRENT8_17 (new station)
Stored weather data for station: CONCURRENT8_18 (new station)
Stored weather data for station: CONCURRENT8_19 (new station)
Stored weather data for station: CONCURRENT8_20 (new station)
Stored weather data for station: CONCURRENT8_21 (new station)
Stored weather data for station: CONCURRENT3_21 (new station)
Stored weather data for station: CONCURRENT3_22 (new station)
Stored weather data for station: CONCURRENT3_23 (new station)
Stored weather data for station: CONCURRENT3_24 (new station)
Stored weather data for station: CONCURRENT3_25 (new station)
Stored weather data for station: CONCURRENT9_8 (new station)
Stored weather data for station: CONCURRENT9_9 (new station)
Stored weather data for station: CONCURRENT9_10 (new station)
Stored weather data for station: CONCURRENT4_13 (new station)
Stored weather data for station: CONCURRENT4_14 (new station)
Stored weather data for station: CONCURRENT4_15 (new station)
Stored weather data for station: CONCURRENT4_16 (new station)
Stored weather data for station: CONCURRENT4_17 (new station)
Stored weather data for station: CONCURRENT7_22 (new station)
Stored weather data for station: CONCURRENT7_23 (new station)
Stored weather data for station: CONCURRENT7_24 (new station)
Stored weather data for station: CONCURRENT5_19 (new station)
Stored weather data for station: CONCURRENT5_20 (new station)
Stored weather data for station: CONCURRENT5_21 (new station)
Stored weather data for station: CONCURRENT5_22 (new station)
Stored weather data for station: CONCURRENT1_13 (new station)
Stored weather data for station: CONCURRENT1_14 (new station)
Stored weather data for station: CONCURRENT1_15 (new station)
Stored weather data for station: CONCURRENT1_16 (new station)
Stored weather data for station: CONCURRENT1_17 (new station)
Stored weather data for station: CONCURRENT2_12 (new station)
Stored weather data for station: CONCURRENT6_20 (new station)
Stored weather data for station: CONCURRENT6_21 (new station)
Stored weather data for station: CONCURRENT0_19 (new station)
Stored weather data for station: CONCURRENT0_20 (new station)
Stored weather data for station: CONCURRENT0_21 (new station)
Stored weather data for station: CONCURRENT8_22 (new station)
Stored weather data for station: CONCURRENT8_23 (new station)
Stored weather data for station: CONCURRENT3_26 (new station)
Stored weather data for station: CONCURRENT3_27 (new station)
Stored weather data for station: CONCURRENT3_28 (new station)
Stored weather data for station: CONCURRENT3_29 (new station)
Stored weather data for station: CONCURRENT3_30 (new station)
Stored weather data for station: CONCURRENT9_11 (new station)
Stored weather data for station: CONCURRENT9_12 (new station)
Stored weather data for station: CONCURRENT9_13 (new station)
Stored weather data for station: CONCURRENT4_18 (new station)
Stored weather data for station: CONCURRENT4_19 (new station)
Stored weather data for station: CONCURRENT4_20 (new station)
Stored weather data for station: CONCURRENT4_21 (new station)
Stored weather data for station: CONCURRENT4_22 (new station)
Stored weather data for station: CONCURRENT7_25 (new station)
Stored weather data for station: CONCURRENT7_26 (new station)
Stored weather data for station: CONCURRENT7_27 (new station)
Stored weather data for station: CONCURRENT7_28 (new station)
Stored weather data for station: CONCURRENT7_29 (new station)
Stored weather data for station: CONCURRENT5_23 (new station)
Stored weather data for station: CONCURRENT1_18 (new station)
Stored weather data for station: CONCURRENT5_24 (new station)
Stored weather data for station: CONCURRENT2_13 (new station)
Stored weather data for station: CONCURRENT6_22 (new station)
Stored weather data for station: CONCURRENT6_23 (new station)
Stored weather data for station: CONCURRENT6_24 (new station)
Stored weather data for station: CONCURRENT6_25 (new station)
Stored weather data for station: CONCURRENT6_26 (new station)
Stored weather data for station: CONCURRENT0_22 (new station)
Stored weather data for station: CONCURRENT8_24 (new station)
Stored weather data for station: CONCURRENT8_25 (new station)
Stored weather data for station: CONCURRENT8_26 (new station)
Stored weather data for station: CONCURRENT8_27 (new station)
Stored weather data for station: CONCURRENT8_28 (new station)
Stored weather data for station: CONCURRENT3_31 (new station)
Stored weather data for station: CONCURRENT9_14 (new station)
Stored weather data for station: CONCURRENT9_15 (new station)
Stored weather data for station: CONCURRENT9_16 (new station)
Stored weather data for station: CONCURRENT4_23 (new station)
Stored weather data for station: CONCURRENT4_24 (new station)
Stored weather data for station: CONCURRENT7_30 (new station)
Stored weather data for station: CONCURRENT4_25 (new station)
Stored weather data for station: CONCURRENT7_31 (new station)
Stored weather data for station: CONCURRENT7_32 (new station)
Stored weather data for station: CONCURRENT7_33 (new station)
Stored weather data for station: CONCURRENT7_34 (new station)
Stored weather data for station: CONCURRENT7_35 (new station)
Stored weather data for station: CONCURRENT7_36 (new station)
Stored weather data for station: CONCURRENT1_19 (new station)
Stored weather data for station: CONCURRENT1_20 (new station)
Stored weather data for station: CONCURRENT7_37 (new station)
Stored weather data for station: CONCURRENT1_21 (new station)
Stored weather data for station: CONCURRENT7_38 (new station)
Stored weather data for station: CONCURRENT7_39 (new station)
Stored weather data for station: CONCURRENT7_40 (new station)
Stored weather data for station: CONCURRENT5_25 (new station)
Stored weather data for station: CONCURRENT5_26 (new station)
Stored weather data for station: CONCURRENT5_27 (new station)
Stored weather data for station: CONCURRENT5_28 (new station)
Stored weather data for station: CONCURRENT5_29 (new station)
Stored weather data for station: CONCURRENT2_14 (new station)
Stored weather data for station: CONCURRENT6_27 (new station)
Stored weather data for station: CONCURRENT6_28 (new station)
Stored weather data for station: CONCURRENT6_29 (new station)
Stored weather data for station: CONCURRENT6_30 (new station)
Stored weather data for station: CONCURRENT0_23 (new station)
Stored weather data for station: CONCURRENT8_29 (new station)
Stored weather data for station: CONCURRENT8_30 (new station)
Stored weather data for station: CONCURRENT8_31 (new station)
Stored weather data for station: CONCURRENT8_32 (new station)
Stored weather data for station: CONCURRENT8_33 (new station)
Stored weather data for station: CONCURRENT3_32 (new station)
Stored weather data for station: CONCURRENT3_33 (new station)
Stored weather data for station: CONCURRENT3_34 (new station)
Stored weather data for station: CONCURRENT3_35 (new station)
Stored weather data for station: CONCURRENT3_36 (new station)
Stored weather data for station: CONCURRENT9_17 (new station)
Stored weather data for station: CONCURRENT4_26 (new station)
Stored weather data for station: CONCURRENT4_27 (new station)
Stored weather data for station: CONCURRENT4_28 (new station)
Stored weather data for station: CONCURRENT4_29 (new station)
Stored weather data for station: CONCURRENT4_30 (new station)
Stored weather data for station: CONCURRENT1_22 (new station)
Stored weather data for station: CONCURRENT7_41 (new station)
Stored weather data for station: CONCURRENT5_30 (new station)
Stored weather data for station: CONCURRENT5_31 (new station)
Stored weather data for station: CONCURRENT5_32 (new station)
Stored weather data for station: CONCURRENT5_33 (new station)
Stored weather data for station: CONCURRENT5_34 (new station)
Stored weather data for station: CONCURRENT2_15 (new station)
Stored weather data for station: CONCURRENT6_31 (new station)
Stored weather data for station: CONCURRENT0_24 (new station)
Stored weather data for station: CONCURRENT8_34 (new station)
Stored weather data for station: CONCURRENT8_35 (new station)
Stored weather data for station: CONCURRENT8_36 (new station)
Stored weather data for station: CONCURRENT8_37 (new station)
Stored weather data for station: CONCURRENT8_38 (new station)
Stored weather data for station: CONCURRENT3_37 (new station)
Stored weather data for station: CONCURRENT3_38 (new station)
Stored weather data for station: CONCURRENT3_39 (new station)
Stored weather data for station: CONCURRENT3_40 (new station)
Stored weather data for station: CONCURRENT3_41 (new station)
Stored weather data for station: CONCURRENT9_18 (new station)
Stored weather data for station: CONCURRENT9_19 (new station)
Stored weather data for station: CONCURRENT4_31 (new station)
Stored weather data for station: CONCURRENT1_23 (new station)
Stored weather data for station: CONCURRENT7_42 (new station)
Stored weather data for station: CONCURRENT5_35 (new station)
Stored weather data for station: CONCURRENT5_36 (new station)
Stored weather data for station: CONCURRENT5_37 (new station)
Stored weather data for station: CONCURRENT5_38 (new station)
Stored weather data for station: CONCURRENT5_39 (new station)
Stored weather data for station: CONCURRENT2_16 (new station)
Stored weather data for station: CONCURRENT6_32 (new station)
Stored weather data for station: CONCURRENT6_33 (new station)
Stored weather data for station: CONCURRENT6_34 (new station)
Stored weather data for station: CONCURRENT6_35 (new station)
Stored weather data for station: CONCURRENT6_36 (new station)
Stored weather data for station: CONCURRENT0_25 (new station)
Stored weather data for station: CONCURRENT0_26 (new station)
Stored weather data for station: CONCURRENT0_27 (new station)
Stored weather data for station: CONCURRENT8_39 (new station)
Stored weather data for station: CONCURRENT8_40 (new station)
Stored weather data for station: CONCURRENT8_41 (new station)
Stored weather data for station: CONCURRENT8_42 (new station)
Stored weather data for station: CONCURRENT8_43 (new station)
Stored weather data for station: CONCURRENT8_44 (new station)
Stored weather data for station: CONCURRENT3_42 (new station)
Stored weather data for station: CONCURRENT3_43 (new station)
Stored weather data for station: CONCURRENT3_44 (new station)
Stored weather data for station: CONCURRENT3_45 (new station)
Stored weather data for station: CONCURRENT3_46 (new station)
Stored weather data for station: CONCURRENT3_47 (new station)
Stored weather data for station: CONCURRENT9_20 (new station)
Stored weather data for station: CONCURRENT9_21 (new station)
Stored weather data for station: CONCURRENT9_22 (new station)
Stored weather data for station: CONCURRENT9_23 (new station)
Stored weather data for station: CONCURRENT4_32 (new station)
Stored weather data for station: CONCURRENT4_33 (new station)
Stored weather data for station: CONCURRENT4_34 (new station)
Stored weather data for station: CONCURRENT4_35 (new station)
Stored weather data for station: CONCURRENT4_36 (new station)
Stored weather data for station: CONCURRENT1_24 (new station)
Stored weather data for station: CONCURRENT7_43 (new station)
Stored weather data for station: CONCURRENT7_44 (new station)
Stored weather data for station: CONCURRENT7_45 (new station)
Stored weather data for station: CONCURRENT7_46 (new station)
Stored weather data for station: CONCURRENT7_47 (new station)
Stored weather data for station: CONCURRENT5_40 (new station)
Stored weather data for station: CONCURRENT5_41 (new station)
Stored weather data for station: CONCURRENT5_42 (new station)
Stored weather data for station: CONCURRENT5_43 (new station)
Stored weather data for station: CONCURRENT5_44 (new station)
Stored weather data for station: CONCURRENT2_17 (new station)
Stored weather data for station: CONCURRENT6_37 (new station)
Stored weather data for station: CONCURRENT6_38 (new station)
Stored weather data for station: CONCURRENT6_39 (new station)
Stored weather data for station: CONCURRENT6_40 (new station)
Stored weather data for station: CONCURRENT6_41 (new station)
Stored weather data for station: CONCURRENT0_28 (new station)
Stored weather data for station: CONCURRENT8_45 (new station)
Stored weather data for station: CONCURRENT3_48 (new station)
Stored weather data for station: CONCURRENT9_24 (new station)
Stored weather data for station: CONCURRENT9_25 (new station)
Stored weather data for station: CONCURRENT4_37 (new station)
Stored weather data for station: CONCURRENT4_38 (new station)
Stored weather data for station: CONCURRENT4_39 (new station)
Stored weather data for station: CONCURRENT4_40 (new station)
Stored weather data for station: CONCURRENT1_25 (new station)
Stored weather data for station: CONCURRENT1_26 (new station)
Stored weather data for station: CONCURRENT1_27 (new station)
Stored weather data for station: CONCURRENT1_28 (new station)
Stored weather data for station: CONCURRENT1_29 (new station)
Stored weather data for station: CONCURRENT7_48 (new station)
Stored weather data for station: CONCURRENT5_45 (new station)
Stored weather data for station: CONCURRENT5_46 (new station)
Stored weather data for station: CONCURRENT5_47 (new station)
Stored weather data for station: CONCURRENT2_18 (new station)
Stored weather data for station: CONCURRENT2_19 (new station)
Stored weather data for station: CONCURRENT2_20 (new station)
Stored weather data for station: CONCURRENT6_42 (new station)
Stored weather data for station: CONCURRENT6_43 (new station)
Stored weather data for station: CONCURRENT6_44 (new station)
Stored weather data for station: CONCURRENT6_45 (new station)
Stored weather data for station: CONCURRENT6_46 (new station)
Stored weather data for station: CONCURRENT0_29 (new station)
Stored weather data for station: CONCURRENT8_46 (new station)
Stored weather data for station: CONCURRENT8_47 (new station)
Stored weather data for station: CONCURRENT8_48 (new station)
Stored weather data for station: CONCURRENT8_49 (new station)
Stored weather data for station: CONCURRENT3_49 (new station)
Stored weather data for station: CONCURRENT9_26 (new station)
Stored weather data for station: CONCURRENT4_41 (new station)
Stored weather data for station: CONCURRENT1_30 (new station)
Stored weather data for station: CONCURRENT1_31 (new station)
Stored weather data for station: CONCURRENT1_32 (new station)
Stored weather data for station: CONCURRENT1_33 (new station)
Stored weather data for station: CONCURRENT7_49 (new station)
Stored weather data for station: CONCURRENT5_48 (new station)
Stored weather data for station: CONCURRENT5_49 (new station)
Stored weather data for station: CONCURRENT2_21 (new station)
Stored weather data for station: CONCURRENT6_47 (new station)
Stored weather data for station: CONCURRENT2_22 (new station)
Stored weather data for station: CONCURRENT2_23 (new station)
Stored weather data for station: CONCURRENT2_24 (new station)
Stored weather data for station: CONCURRENT2_25 (new station)
Stored weather data for station: CONCURRENT0_30 (new station)
Stored weather data for station: CONCURRENT0_31 (new station)
Stored weather data for station: CONCURRENT0_32 (new station)
Stored weather data for station: CONCURRENT0_33 (new station)
Stored weather data for station: CONCURRENT9_27 (new station)
Stored weather data for station: CONCURRENT9_28 (new station)
Stored weather data for station: CONCURRENT9_29 (new station)
Stored weather data for station: CONCURRENT9_30 (new station)
Stored weather data for station: CONCURRENT9_31 (new station)
Stored weather data for station: CONCURRENT4_42 (new station)
Stored weather data for station: CONCURRENT4_43 (new station)
Stored weather data for station: CONCURRENT1_34 (new station)
Stored weather data for station: CONCURRENT1_35 (new station)
Stored weather data for station: CONCURRENT1_36 (new station)
Stored weather data for station: CONCURRENT1_37 (new station)
Stored weather data for station: CONCURRENT1_38 (new station)
Stored weather data for station: CONCURRENT6_48 (new station)
Stored weather data for station: CONCURRENT2_26 (new station)
Stored weather data for station: CONCURRENT2_27 (new station)
Stored weather data for station: CONCURRENT2_28 (new station)
Stored weather data for station: CONCURRENT2_29 (new station)
Stored weather data for station: CONCURRENT2_30 (new station)
Stored weather data for station: CONCURRENT0_34 (new station)
Stored weather data for station: CONCURRENT9_32 (new station)
Stored weather data for station: CONCURRENT9_33 (new station)
Stored weather data for station: CONCURRENT9_34 (new station)
Stored weather data for station: CONCURRENT9_35 (new station)
Stored weather data for station: CONCURRENT9_36 (new station)
Stored weather data for station: CONCURRENT4_44 (new station)
Stored weather data for station: CONCURRENT4_45 (new station)
Stored weather data for station: CONCURRENT4_46 (new station)
Stored weather data for station: CONCURRENT4_47 (new station)
Stored weather data for station: CONCURRENT4_48 (new station)
Stored weather data for station: CONCURRENT1_39 (new station)
Stored weather data for station: CONCURRENT1_40 (new station)
Stored weather data for station: CONCURRENT1_41 (new station)
Stored weather data for station: CONCURRENT1_42 (new station)
Stored weather data for station: CONCURRENT1_43 (new station)
Stored weather data for station: CONCURRENT6_49 (new station)
Stored weather data for station: CONCURRENT2_31 (new station)
Stored weather data for station: CONCURRENT2_32 (new station)
Stored weather data for station: CONCURRENT2_33 (new station)
Stored weather data for station: CONCURRENT2_34 (new station)
Stored weather data for station: CONCURRENT2_35 (new station)
Stored weather data for station: CONCURRENT0_35 (new station)
Stored weather data for station: CONCURRENT0_36 (new station)
Stored weather data for station: CONCURRENT0_37 (new station)
Stored weather data for station: CONCURRENT0_38 (new station)
Stored weather data for station: CONCURRENT9_37 (new station)
Stored weather data for station: CONCURRENT9_38 (new station)
Stored weather data for station: CONCURRENT9_39 (new station)
Stored weather data for station: CONCURRENT9_40 (new station)
Stored weather data for station: CONCURRENT9_41 (new station)
Stored weather data for station: CONCURRENT4_49 (new station)
Stored weather data for station: CONCURRENT1_44 (new station)
Stored weather data for station: CONCURRENT1_45 (new station)
Stored weather data for station: CONCURRENT1_46 (new station)
Stored weather data for station: CONCURRENT1_47 (new station)
Stored weather data for station: CONCURRENT1_48 (new station)
Stored weather data for station: CONCURRENT2_36 (new station)
Stored weather data for station: CONCURRENT2_37 (new station)
Stored weather data for station: CONCURRENT2_38 (new station)
Stored weather data for station: CONCURRENT2_39 (new station)
Stored weather data for station: CONCURRENT0_39 (new station)
Stored weather data for station: CONCURRENT0_40 (new station)
Stored weather data for station: CONCURRENT9_42 (new station)
Stored weather data for station: CONCURRENT9_43 (new station)
Stored weather data for station: CONCURRENT1_49 (new station)
Stored weather data for station: CONCURRENT2_40 (new station)
Stored weather data for station: CONCURRENT2_41 (new station)
Stored weather data for station: CONCURRENT2_42 (new station)
Stored weather data for station: CONCURRENT2_43 (new station)
Stored weather data for station: CONCURRENT2_44 (new station)
Stored weather data for station: CONCURRENT2_45 (new station)
Stored weather data for station: CONCURRENT2_46 (new station)
Stored weather data for station: CONCURRENT2_47 (new station)
Stored weather data for station: CONCURRENT2_48 (new station)
Stored weather data for station: CONCURRENT2_49 (new station)
Stored weather data for station: CONCURRENT0_41 (new station)
Stored weather data for station: CONCURRENT0_42 (new station)
Stored weather data for station: CONCURRENT0_43 (new station)
Stored weather data for station: CONCURRENT0_44 (new station)
Stored weather data for station: CONCURRENT0_45 (new station)
Stored weather data for station: CONCURRENT0_46 (new station)
Stored weather data for station: CONCURRENT0_47 (new station)
Stored weather data for station: CONCURRENT0_48 (new station)
Stored weather data for station: CONCURRENT0_49 (new station)
Stored weather data for station: CONCURRENT9_44 (new station)
Stored weather data for station: CONCURRENT9_45 (new station)
Stored weather data for station: CONCURRENT9_46 (new station)
Stored weather data for station: CONCURRENT9_47 (new station)
Stored weather data for station: CONCURRENT9_48 (new station)
Stored weather data for station: CONCURRENT9_49 (new station)
Retrieved weather data for 500 active stations
Retrieved weather data for 500 active stations
Retrieved weather data for 500 active stations
Stored weather data for station: WRITER3_0 (new station)
Stored weather data for station: WRITER3_1 (new station)
Stored weather data for station: WRITER3_2 (new station)
Stored weather data for station: WRITER3_3 (new station)
Stored weather data for station: WRITER3_4 (new station)
Stored weather data for station: WRITER3_5 (new station)
Stored weather data for station: WRITER3_6 (new station)
Stored weather data for station: WRITER3_7 (new station)
Stored weather data for station: WRITER3_8 (new station)
Stored weather data for station: WRITER3_9 (new station)
Stored weather data for station: WRITER3_10 (new station)
Stored weather data for station: WRITER3_11 (new station)
Stored weather data for station: WRITER3_12 (new station)
Stored weather data for station: WRITER3_13 (new station)
Stored weather data for station: WRITER3_14 (new station)
Stored weather data for station: WRITER3_15 (new station)
Stored weather data for station: WRITER3_16 (new station)
Stored weather data for station: WRITER3_17 (new station)
Stored weather data for station: WRITER3_18 (new station)
Stored weather data for station: WRITER3_19 (new station)
Stored weather data for station: WRITER3_20 (new station)
Stored weather data for station: WRITER3_21 (new station)
Stored weather data for station: WRITER2_0 (new station)
Stored weather data for station: WRITER2_1 (new station)
Stored weather data for station: WRITER2_2 (new station)
Stored weather data for station: WRITER2_3 (new station)
Stored weather data for station: WRITER2_4 (new station)
Stored weather data for station: WRITER2_5 (new station)
Stored weather data for station: WRITER2_6 (new station)
Stored weather data for station: WRITER2_7 (new station)
Stored weather data for station: WRITER2_8 (new station)
Stored weather data for station: WRITER2_9 (new station)
Stored weather data for station: WRITER2_10 (new station)
Stored weather data for station: WRITER2_11 (new station)
Stored weather data for station: WRITER0_0 (new station)
Stored weather data for station: WRITER0_1 (new station)
Stored weather data for station: WRITER0_2 (new station)
Stored weather data for station: WRITER0_3 (new station)
Stored weather data for station: WRITER0_4 (new station)
Stored weather data for station: WRITER0_5 (new station)
Stored weather data for station: WRITER0_6 (new station)
Stored weather data for station: WRITER0_7 (new station)
Stored weather data for station: WRITER0_8 (new station)
Stored weather data for station: WRITER0_9 (new station)
Stored weather data for station: WRITER4_0 (new station)
Stored weather data for station: WRITER4_1 (new station)
Stored weather data for station: WRITER4_2 (new station)
Stored weather data for station: WRITER4_3 (new station)
Stored weather data for station: WRITER4_4 (new station)
Stored weather data for station: WRITER4_5 (new station)
Stored weather data for station: WRITER4_6 (new station)
Stored weather data for station: WRITER4_7 (new station)
Stored weather data for station: WRITER4_8 (new station)
Stored weather data for station: WRITER4_9 (new station)
Stored weather data for station: WRITER4_10 (new station)
Stored weather data for station: WRITER4_11 (new station)
Stored weather data for station: WRITER1_0 (new station)
Stored weather data for station: WRITER1_1 (new station)
Stored weather data for station: WRITER1_2 (new station)
Stored weather data for station: WRITER1_3 (new station)
Stored weather data for station: WRITER1_4 (new station)
Stored weather data for station: WRITER1_5 (new station)
Stored weather data for station: WRITER1_6 (new station)
Stored weather data for station: WRITER1_7 (new station)
Stored weather data for station: WRITER1_8 (new station)
Stored weather data for station: WRITER1_9 (new station)
Stored weather data for station: WRITER1_10 (new station)
Stored weather data for station: WRITER1_11 (new station)
Retrieved weather data for 568 active stations
Retrieved weather data for 568 active stations
Retrieved weather data for 568 active stations
Retrieved weather data for 568 active stations
Retrieved weather data for 568 active stations
Stored weather data for station: WRITER3_22 (new station)
Stored weather data for station: WRITER3_23 (new station)
Stored weather data for station: WRITER3_24 (new station)
Stored weather data for station: WRITER2_12 (new station)
Stored weather data for station: WRITER0_10 (new station)
Stored weather data for station: WRITER0_11 (new station)
Stored weather data for station: WRITER0_12 (new station)
Stored weather data for station: WRITER0_13 (new station)
Stored weather data for station: WRITER0_14 (new station)
Stored weather data for station: WRITER0_15 (new station)
Stored weather data for station: WRITER0_16 (new station)
Stored weather data for station: WRITER4_12 (new station)
Stored weather data for station: WRITER4_13 (new station)
Stored weather data for station: WRITER4_14 (new station)
Stored weather data for station: WRITER4_15 (new station)
Stored weather data for station: WRITER4_16 (new station)
Stored weather data for station: WRITER1_12 (new station)
Stored weather data for station: WRITER1_13 (new station)
Stored weather data for station: WRITER1_14 (new station)
Stored weather data for station: WRITER1_15 (new station)
Stored weather data for station: WRITER1_16 (new station)
Stored weather data for station: WRITER1_17 (new station)
Stored weather data for station: WRITER1_18 (new station)
Stored weather data for station: WRITER1_19 (new station)
Stored weather data for station: WRITER1_20 (new station)
Stored weather data for station: WRITER1_21 (new station)
Stored weather data for station: WRITER1_22 (new station)
Stored weather data for station: WRITER1_23 (new station)
Stored weather data for station: WRITER1_24 (new station)
Retrieved weather data for 597 active stations
Retrieved weather data for 597 active stations
Retrieved weather data for 597 active stations
Retrieved weather data for 597 active stations
Retrieved weather data for 597 active stations
Retrieved weather data for 597 active stations
Stored weather data for station: WRITER2_13 (new station)
Stored weather data for station: WRITER2_14 (new station)
Stored weather data for station: WRITER2_15 (new station)
Stored weather data for station: WRITER2_16 (new station)
Stored weather data for station: WRITER2_17 (new station)
Stored weather data for station: WRITER2_18 (new station)
Stored weather data for station: WRITER2_19 (new station)
Stored weather data for station: WRITER2_20 (new station)
Stored weather data for station: WRITER2_21 (new station)
Stored weather data for station: WRITER2_22 (new station)
Stored weather data for station: WRITER2_23 (new station)
Stored weather data for station: WRITER2_24 (new station)
Stored weather data for station: WRITER0_17 (new station)
Stored weather data for station: WRITER0_18 (new station)
Stored weather data for station: WRITER0_19 (new station)
Stored weather data for station: WRITER0_20 (new station)
Stored weather data for station: WRITER0_21 (new station)
Stored weather data for station: WRITER0_22 (new station)
Stored weather data for station: WRITER0_23 (new station)
Stored weather data for station: WRITER0_24 (new station)
Stored weather data for station: WRITER4_17 (new station)
Stored weather data for station: WRITER4_18 (new station)
Stored weather data for station: WRITER4_19 (new station)
Stored weather data for station: WRITER4_20 (new station)
Stored weather data for station: WRITER4_21 (new station)
Stored weather data for station: WRITER4_22 (new station)
Retrieved weather data for 623 active stations
Retrieved weather data for 623 active stations
Retrieved weather data for 623 active stations
Retrieved weather data for 623 active stations
Retrieved weather data for 623 active stations
Stored weather data for station: WRITER4_23 (new station)
Retrieved weather data for 624 active stations
Retrieved weather data for 624 active stations
Retrieved weather data for 624 active stations
Retrieved weather data for 624 active stations
Retrieved weather data for 624 active stations
Stored weather data for station: WRITER4_24 (new station)
Retrieved weather data for 625 active stations
Retrieved weather data for 625 active stations
Retrieved weather data for 625 active stations
Retrieved weather data for 625 active stations
Retrieved weather data for 625 active stations
Retrieved weather data for 625 active stations
Retrieved weather data for 625 active stations
Retrieved weather data for 625 active stations
Retrieved weather data for 625 active stations
Retrieved weather data for 625 active stations
Retrieved weather data for 625 active stations
Retrieved weather data for 625 active stations
Retrieved weather data for 625 active stations
Retrieved weather data for 625 active stations
Retrieved weather data for 625 active stations
Retrieved weather data for 625 active stations
Retrieved weather data for 625 active stations
Retrieved weather data for 625 active stations
Retrieved weather data for 625 active stations
Retrieved weather data for 625 active stations
Retrieved weather data for 625 active stations
Retrieved weather data for 625 active stations
Retrieved weather data for 625 active stations
Retrieved weather data for 625 active stations
Retrieved weather data for 625 active stations
Retrieved weather data for 625 active stations
Retrieved weather data for 625 active stations
Retrieved weather data for 625 active stations
Retrieved weather data for 625 active stations
Retrieved weather data for 625 active stations
Retrieved weather data for 625 active stations
Retrieved weather data for 625 active stations
Retrieved weather data for 625 active stations
Retrieved weather data for 625 active stations
Retrieved weather data for 625 active stations
Retrieved weather data for 625 active stations
Retrieved weather data for 625 active stations
Retrieved weather data for 625 active stations
Retrieved weather data for 625 active stations
Retrieved weather data for 625 active stations
Retrieved weather data for 625 active stations
Retrieved weather data for 625 active stations
Retrieved weather data for 625 active stations
Retrieved weather data for 625 active stations
Retrieved weather data for 625 active stations
Retrieved weather data for 625 active stations
Retrieved weather data for 625 active stations
Retrieved weather data for 625 active stations
Retrieved weather data for 625 active stations
Retrieved weather data for 625 active stations
Retrieved weather data for 625 active stations
Retrieved weather data for 625 active stations
Retrieved weather data for 625 active stations
Retrieved weather data for 625 active stations
Retrieved weather data for 625 active stations
Retrieved weather data for 625 active stations
Retrieved weather data for 625 active stations
Retrieved weather data for 625 active stations
Retrieved weather data for 625 active stations
Retrieved weather data for 625 active stations
Retrieved weather data for 625 active stations
Retrieved weather data for 625 active stations
Retrieved weather data for 625 active stations
Retrieved weather data for 625 active stations
Retrieved weather data for 625 active stations
Retrieved weather data for 625 active stations
Retrieved weather data for 625 active stations
Retrieved weather data for 625 active stations
Retrieved weather data for 625 active stations
Retrieved weather data for 625 active stations
Retrieved weather data for 625 active stations
Retrieved weather data for 625 active stations
Retrieved weather data for 625 active stations
Retrieved weather data for 625 active stations
Retrieved weather data for 625 active stations
Retrieved weather data for 625 active stations
Retrieved weather data for 625 active stations
Retrieved weather data for 625 active stations
Retrieved weather data for 625 active stations
Retrieved weather data for 625 active stations
Retrieved weather data for 625 active stations
Retrieved weather data for 625 active stations
Retrieved weather data for 625 active stations
Retrieved weather data for 625 active stations
Retrieved weather data for 625 active stations
Retrieved weather data for 625 active stations
Retrieved weather data for 625 active stations
Retrieved weather data for 625 active stations
Retrieved weather data for 625 active stations
Retrieved weather data for 625 active stations
Retrieved weather data for 625 active stations
Retrieved weather data for 625 active stations
Retrieved weather data for 625 active stations
Retrieved weather data for 625 active stations
Retrieved weather data for 625 active stations
Retrieved weather data for 625 active stations
Retrieved weather data for 625 active stations
Retrieved weather data for 625 active stations
Retrieved weather data for 625 active stations
Retrieved weather data for 625 active stations
Retrieved weather data for 625 active stations
✓ Concurrent operations test passed
]]></system-out>
  </testcase>
  <testcase name="testErrorHandlingAndDataLoading" classname="com.weathersystem.server.services.WeatherDataServiceTest" time="0">
    <system-out><![CDATA[Testing error handling and data loading...
Retrieved weather data for 0 active stations
Stored weather data for station: CLEAR001 (new station)
Cleared all weather data (1 stations)
Retrieved weather data for 0 active stations
Cleared all weather data (0 stations)
Loaded 2 weather stations from storage
Retrieved weather data for 2 active stations
Cleared all weather data (2 stations)
Loaded 2 weather stations from storage
Retrieved weather data for 2 active stations
Cleared all weather data (2 stations)
Loaded 1 weather stations from storage
Retrieved weather data for 1 active stations
✓ Error handling and data loading test passed
]]></system-out>
  </testcase>
</testsuite>